38f9d361fe56:cf-jw-auth osmarb$ amplify push
✔ All resources copied.
✔ Successfully pulled backend environment dev from the cloud.

Current Environment: dev

| Category | Resource name    | Operation | Provider plugin   |
| -------- | ---------------- | --------- | ----------------- |
| Video    | cfjwtauth        | Create    | awscloudformation |
| Auth     | cfjwauth966ac581 | No Change | awscloudformation |
| Function | authJWTLamdaedge | No Change | awscloudformation |
| Function | CFsignURL        | No Change | awscloudformation |
| Api      | CFgetSignedURL   | No Change | awscloudformation |
? Are you sure you want to continue? Yes
⠇ Updating resources in the cloud. This may take a few minutes...

UPDATE_IN_PROGRESS amplify-cfjwauth-dev-180800 AWS::CloudFormation::Stack Mon Dec 07 2020 20:44:08 GMT-0300 (Brasilia Standard Time) User Initiated
⠧ Updating resources in the cloud. This may take a few minutes...

UPDATE_COMPLETE    authcfjwauth966ac581 AWS::CloudFormation::Stack Mon Dec 07 2020 20:44:15 GMT-0300 (Brasilia Standard Time)                            
UPDATE_COMPLETE    functionCFsignURL    AWS::CloudFormation::Stack Mon Dec 07 2020 20:44:15 GMT-0300 (Brasilia Standard Time)                            
CREATE_IN_PROGRESS videocfjwtauth       AWS::CloudFormation::Stack Mon Dec 07 2020 20:44:15 GMT-0300 (Brasilia Standard Time) Resource creation Initiated
UPDATE_IN_PROGRESS authcfjwauth966ac581 AWS::CloudFormation::Stack Mon Dec 07 2020 20:44:15 GMT-0300 (Brasilia Standard Time)                            
UPDATE_IN_PROGRESS functionCFsignURL    AWS::CloudFormation::Stack Mon Dec 07 2020 20:44:14 GMT-0300 (Brasilia Standard Time)                            
CREATE_IN_PROGRESS videocfjwtauth       AWS::CloudFormation::Stack Mon Dec 07 2020 20:44:14 GMT-0300 (Brasilia Standard Time)                            
⠴ Updating resources in the cloud. This may take a few minutes...

CREATE_IN_PROGRESS amplify-cfjwauth-dev-180800-videocfjwtauth-1V23EKLZC6H0B AWS::CloudFormation::Stack Mon Dec 07 2020 20:44:15 GMT-0300 (Brasilia Standard Time) User Initiated
⠋ Updating resources in the cloud. This may take a few minutes...

UPDATE_COMPLETE    apiCFgetSignedURL        AWS::CloudFormation::Stack Mon Dec 07 2020 20:44:18 GMT-0300 (Brasilia Standard Time) 
UPDATE_IN_PROGRESS functionauthJWTLamdaedge AWS::CloudFormation::Stack Mon Dec 07 2020 20:44:18 GMT-0300 (Brasilia Standard Time) 
UPDATE_IN_PROGRESS apiCFgetSignedURL        AWS::CloudFormation::Stack Mon Dec 07 2020 20:44:17 GMT-0300 (Brasilia Standard Time) 
⠇ Updating resources in the cloud. This may take a few minutes...

CREATE_IN_PROGRESS rMediaConvertTemplate AWS::CloudFormation::Stack Mon Dec 07 2020 20:44:20 GMT-0300 (Brasilia Standard Time) Resource creation Initiated
CREATE_IN_PROGRESS rS3OutputBucket       AWS::CloudFormation::Stack Mon Dec 07 2020 20:44:20 GMT-0300 (Brasilia Standard Time) Resource creation Initiated
CREATE_IN_PROGRESS rS3InputBucket        AWS::CloudFormation::Stack Mon Dec 07 2020 20:44:20 GMT-0300 (Brasilia Standard Time) Resource creation Initiated
CREATE_IN_PROGRESS rMediaConvertTemplate AWS::CloudFormation::Stack Mon Dec 07 2020 20:44:20 GMT-0300 (Brasilia Standard Time)                            
CREATE_IN_PROGRESS rS3OutputBucket       AWS::CloudFormation::Stack Mon Dec 07 2020 20:44:20 GMT-0300 (Brasilia Standard Time)                            
CREATE_IN_PROGRESS rS3InputBucket        AWS::CloudFormation::Stack Mon Dec 07 2020 20:44:19 GMT-0300 (Brasilia Standard Time)                            
⠴ Updating resources in the cloud. This may take a few minutes...

CREATE_IN_PROGRESS amplify-cfjwauth-dev-180800-videocfjwtauth-1V23EKLZC6H0B-rMediaConvertTemplate-P8ZLLJB3E7IF AWS::CloudFormation::Stack Mon Dec 07 2020 20:44:20 GMT-0300 (Brasilia Standard Time) User Initiated
⠦ Updating resources in the cloud. This may take a few minutes...

CREATE_IN_PROGRESS amplify-cfjwauth-dev-180800-videocfjwtauth-1V23EKLZC6H0B-rS3OutputBucket-1SGC9O1JEFJGV AWS::CloudFormation::Stack Mon Dec 07 2020 20:44:20 GMT-0300 (Brasilia Standard Time) User Initiated
⠧ Updating resources in the cloud. This may take a few minutes...

CREATE_IN_PROGRESS amplify-cfjwauth-dev-180800-videocfjwtauth-1V23EKLZC6H0B-rS3InputBucket-ZZJHCFL73HDH AWS::CloudFormation::Stack Mon Dec 07 2020 20:44:20 GMT-0300 (Brasilia Standard Time) User Initiated
⠏ Updating resources in the cloud. This may take a few minutes...

UPDATE_COMPLETE functionauthJWTLamdaedge AWS::CloudFormation::Stack Mon Dec 07 2020 20:44:19 GMT-0300 (Brasilia Standard Time) 
⠇ Updating resources in the cloud. This may take a few minutes...

CREATE_IN_PROGRESS OutputBucket         AWS::S3::Bucket                                 Mon Dec 07 2020 20:44:27 GMT-0300 (Brasilia Standard Time) Resource creation Initiated
CREATE_IN_PROGRESS OutputBucket         AWS::S3::Bucket                                 Mon Dec 07 2020 20:44:26 GMT-0300 (Brasilia Standard Time)                            
CREATE_IN_PROGRESS OriginAccessIdentity AWS::CloudFront::CloudFrontOriginAccessIdentity Mon Dec 07 2020 20:44:26 GMT-0300 (Brasilia Standard Time)                            
⠏ Updating resources in the cloud. This may take a few minutes...

CREATE_IN_PROGRESS InputBucket AWS::S3::Bucket Mon Dec 07 2020 20:44:26 GMT-0300 (Brasilia Standard Time) Resource creation Initiated
CREATE_IN_PROGRESS InputBucket AWS::S3::Bucket Mon Dec 07 2020 20:44:25 GMT-0300 (Brasilia Standard Time)                            


CREATE_IN_PROGRESS JobTemplate AWS::MediaConvert::JobTemplate Mon Dec 07 2020 20:44:27 GMT-0300 (Brasilia Standard Time) 
⠸ Updating resources in the cloud. This may take a few minutes...

CREATE_COMPLETE    OriginAccessIdentity AWS::CloudFront::CloudFrontOriginAccessIdentity Mon Dec 07 2020 20:44:29 GMT-0300 (Brasilia Standard Time)                            
CREATE_IN_PROGRESS OriginAccessIdentity AWS::CloudFront::CloudFrontOriginAccessIdentity Mon Dec 07 2020 20:44:28 GMT-0300 (Brasilia Standard Time) Resource creation Initiated
⠇ Updating resources in the cloud. This may take a few minutes...

CREATE_IN_PROGRESS JobTemplate AWS::MediaConvert::JobTemplate Mon Dec 07 2020 20:44:30 GMT-0300 (Brasilia Standard Time) Resource creation Initiated
⠴ Updating resources in the cloud. This may take a few minutes...

CREATE_COMPLETE JobTemplate AWS::MediaConvert::JobTemplate Mon Dec 07 2020 20:44:30 GMT-0300 (Brasilia Standard Time) 
⠏ Updating resources in the cloud. This may take a few minutes...

CREATE_COMPLETE amplify-cfjwauth-dev-180800-videocfjwtauth-1V23EKLZC6H0B-rMediaConvertTemplate-P8ZLLJB3E7IF AWS::CloudFormation::Stack Mon Dec 07 2020 20:44:33 GMT-0300 (Brasilia Standard Time) 
⠸ Updating resources in the cloud. This may take a few minutes...

CREATE_COMPLETE rMediaConvertTemplate AWS::CloudFormation::Stack Mon Dec 07 2020 20:44:43 GMT-0300 (Brasilia Standard Time) 
⠧ Updating resources in the cloud. This may take a few minutes...

CREATE_COMPLETE InputBucket AWS::S3::Bucket Mon Dec 07 2020 20:44:47 GMT-0300 (Brasilia Standard Time) 
⠴ Updating resources in the cloud. This may take a few minutes...

CREATE_COMPLETE OutputBucket AWS::S3::Bucket Mon Dec 07 2020 20:44:49 GMT-0300 (Brasilia Standard Time) 
⠏ Updating resources in the cloud. This may take a few minutes...

CREATE_COMPLETE amplify-cfjwauth-dev-180800-videocfjwtauth-1V23EKLZC6H0B-rS3InputBucket-ZZJHCFL73HDH AWS::CloudFormation::Stack Mon Dec 07 2020 20:44:49 GMT-0300 (Brasilia Standard Time) 
⠸ Updating resources in the cloud. This may take a few minutes...

CREATE_IN_PROGRESS S3AuthGet AWS::IAM::Policy      Mon Dec 07 2020 20:44:51 GMT-0300 (Brasilia Standard Time) 
CREATE_IN_PROGRESS S3Policy  AWS::S3::BucketPolicy Mon Dec 07 2020 20:44:51 GMT-0300 (Brasilia Standard Time) 
⠧ Updating resources in the cloud. This may take a few minutes...

CREATE_COMPLETE rS3InputBucket AWS::CloudFormation::Stack Mon Dec 07 2020 20:44:54 GMT-0300 (Brasilia Standard Time) 
⠦ Updating resources in the cloud. This may take a few minutes...

CREATE_FAILED      amplify-cfjwauth-dev-180800-videocfjwtauth-1V23EKLZC6H0B-rS3OutputBucket-1SGC9O1JEFJGV AWS::CloudFormation::Stack Mon Dec 07 2020 20:44:53 GMT-0300 (Brasilia Standard Time) The following resource(s) failed to create: [S3AuthGet].                                                                                                                               
CREATE_COMPLETE    S3Policy                                                                               AWS::S3::BucketPolicy      Mon Dec 07 2020 20:44:52 GMT-0300 (Brasilia Standard Time)                                                                                                                                                                                        
CREATE_IN_PROGRESS S3Policy                                                                               AWS::S3::BucketPolicy      Mon Dec 07 2020 20:44:52 GMT-0300 (Brasilia Standard Time) Resource creation Initiated                                                                                                                                                            
CREATE_FAILED      S3AuthGet                                                                              AWS::IAM::Policy           Mon Dec 07 2020 20:44:52 GMT-0300 (Brasilia Standard Time) The role with name NONE cannot be found. (Service: AmazonIdentityManagement; Status Code: 404; Error Code: NoSuchEntity; Request ID: 23113952-bc30-41f1-9afa-85eb34fb149b; Proxy: null)
⠴ Updating resources in the cloud. This may take a few minutes...

CREATE_FAILED amplify-cfjwauth-dev-180800-videocfjwtauth-1V23EKLZC6H0B AWS::CloudFormation::Stack Mon Dec 07 2020 20:44:55 GMT-0300 (Brasilia Standard Time) The following resource(s) failed to create: [rS3OutputBucket].                                                                                                                                                                                                                        
CREATE_FAILED rS3OutputBucket                                          AWS::CloudFormation::Stack Mon Dec 07 2020 20:44:55 GMT-0300 (Brasilia Standard Time) Embedded stack arn:aws:cloudformation:us-east-1:098435415742:stack/amplify-cfjwauth-dev-180800-videocfjwtauth-1V23EKLZC6H0B-rS3OutputBucket-1SGC9O1JEFJGV/208e6ad0-38e6-11eb-811a-0e13b4bbfae7 was not successfully created: The following resource(s) failed to create: [S3AuthGet]. 
⠙ Updating resources in the cloud. This may take a few minutes...

CREATE_FAILED videocfjwtauth AWS::CloudFormation::Stack Mon Dec 07 2020 20:45:03 GMT-0300 (Brasilia Standard Time) Embedded stack arn:aws:cloudformation:us-east-1:098435415742:stack/amplify-cfjwauth-dev-180800-videocfjwtauth-1V23EKLZC6H0B/1d3b6f40-38e6-11eb-8471-12a7f5de922f was not successfully created: The following resource(s) failed to create: [rS3OutputBucket]. 
⠸ Updating resources in the cloud. This may take a few minutes...

UPDATE_ROLLBACK_IN_PROGRESS amplify-cfjwauth-dev-180800 AWS::CloudFormation::Stack Mon Dec 07 2020 20:45:05 GMT-0300 (Brasilia Standard Time) The following resource(s) failed to create: [videocfjwtauth]. 
⠏ Updating resources in the cloud. This may take a few minutes...

UPDATE_COMPLETE    functionCFsignURL    AWS::CloudFormation::Stack Mon Dec 07 2020 20:45:29 GMT-0300 (Brasilia Standard Time) 
UPDATE_COMPLETE    authcfjwauth966ac581 AWS::CloudFormation::Stack Mon Dec 07 2020 20:45:29 GMT-0300 (Brasilia Standard Time) 
UPDATE_IN_PROGRESS functionCFsignURL    AWS::CloudFormation::Stack Mon Dec 07 2020 20:45:29 GMT-0300 (Brasilia Standard Time) 
UPDATE_IN_PROGRESS authcfjwauth966ac581 AWS::CloudFormation::Stack Mon Dec 07 2020 20:45:29 GMT-0300 (Brasilia Standard Time) 
⠹ Updating resources in the cloud. This may take a few minutes...

UPDATE_COMPLETE                              functionauthJWTLamdaedge    AWS::CloudFormation::Stack Mon Dec 07 2020 20:45:33 GMT-0300 (Brasilia Standard Time) 
UPDATE_COMPLETE                              apiCFgetSignedURL           AWS::CloudFormation::Stack Mon Dec 07 2020 20:45:33 GMT-0300 (Brasilia Standard Time) 
DELETE_IN_PROGRESS                           videocfjwtauth              AWS::CloudFormation::Stack Mon Dec 07 2020 20:45:33 GMT-0300 (Brasilia Standard Time) 
UPDATE_ROLLBACK_COMPLETE_CLEANUP_IN_PROGRESS amplify-cfjwauth-dev-180800 AWS::CloudFormation::Stack Mon Dec 07 2020 20:45:32 GMT-0300 (Brasilia Standard Time) 
UPDATE_COMPLETE                              apiCFgetSignedURL           AWS::CloudFormation::Stack Mon Dec 07 2020 20:45:30 GMT-0300 (Brasilia Standard Time) 
UPDATE_COMPLETE                              functionauthJWTLamdaedge    AWS::CloudFormation::Stack Mon Dec 07 2020 20:45:30 GMT-0300 (Brasilia Standard Time) 
UPDATE_IN_PROGRESS                           apiCFgetSignedURL           AWS::CloudFormation::Stack Mon Dec 07 2020 20:45:30 GMT-0300 (Brasilia Standard Time) 
UPDATE_IN_PROGRESS                           functionauthJWTLamdaedge    AWS::CloudFormation::Stack Mon Dec 07 2020 20:45:30 GMT-0300 (Brasilia Standard Time) 
⠏ Updating resources in the cloud. This may take a few minutes...

DELETE_IN_PROGRESS rMediaConvertTemplate                                    AWS::CloudFormation::Stack Mon Dec 07 2020 20:45:36 GMT-0300 (Brasilia Standard Time)               
DELETE_IN_PROGRESS rS3OutputBucket                                          AWS::CloudFormation::Stack Mon Dec 07 2020 20:45:36 GMT-0300 (Brasilia Standard Time)               
DELETE_IN_PROGRESS amplify-cfjwauth-dev-180800-videocfjwtauth-1V23EKLZC6H0B AWS::CloudFormation::Stack Mon Dec 07 2020 20:45:33 GMT-0300 (Brasilia Standard Time) User Initiated
⠧ Updating resources in the cloud. This may take a few minutes...

UPDATE_COMPLETE authcfjwauth966ac581 AWS::CloudFormation::Stack Mon Dec 07 2020 20:45:34 GMT-0300 (Brasilia Standard Time) 
UPDATE_COMPLETE functionCFsignURL    AWS::CloudFormation::Stack Mon Dec 07 2020 20:45:34 GMT-0300 (Brasilia Standard Time) 
⠏ Updating resources in the cloud. This may take a few minutes...

DELETE_IN_PROGRESS amplify-cfjwauth-dev-180800-videocfjwtauth-1V23EKLZC6H0B-rS3OutputBucket-1SGC9O1JEFJGV AWS::CloudFormation::Stack Mon Dec 07 2020 20:45:36 GMT-0300 (Brasilia Standard Time) User Initiated


DELETE_IN_PROGRESS amplify-cfjwauth-dev-180800-videocfjwtauth-1V23EKLZC6H0B-rMediaConvertTemplate-P8ZLLJB3E7IF AWS::CloudFormation::Stack Mon Dec 07 2020 20:45:36 GMT-0300 (Brasilia Standard Time) User Initiated
⠦ Updating resources in the cloud. This may take a few minutes...

DELETE_IN_PROGRESS rS3InputBucket AWS::CloudFormation::Stack Mon Dec 07 2020 20:45:36 GMT-0300 (Brasilia Standard Time) 
⠸ Updating resources in the cloud. This may take a few minutes...

DELETE_IN_PROGRESS amplify-cfjwauth-dev-180800-videocfjwtauth-1V23EKLZC6H0B-rS3InputBucket-ZZJHCFL73HDH AWS::CloudFormation::Stack Mon Dec 07 2020 20:45:36 GMT-0300 (Brasilia Standard Time) User Initiated
⠇ Updating resources in the cloud. This may take a few minutes...

DELETE_COMPLETE amplify-cfjwauth-dev-180800-videocfjwtauth-1V23EKLZC6H0B-rS3InputBucket-ZZJHCFL73HDH AWS::CloudFormation::Stack Mon Dec 07 2020 20:45:40 GMT-0300 (Brasilia Standard Time) 
DELETE_SKIPPED  InputBucket                                                                          AWS::S3::Bucket            Mon Dec 07 2020 20:45:40 GMT-0300 (Brasilia Standard Time) 
⠸ Updating resources in the cloud. This may take a few minutes...

DELETE_IN_PROGRESS JobTemplate AWS::MediaConvert::JobTemplate Mon Dec 07 2020 20:45:39 GMT-0300 (Brasilia Standard Time) 


DELETE_SKIPPED     OutputBucket         AWS::S3::Bucket                                 Mon Dec 07 2020 20:45:41 GMT-0300 (Brasilia Standard Time) 
DELETE_IN_PROGRESS OriginAccessIdentity AWS::CloudFront::CloudFrontOriginAccessIdentity Mon Dec 07 2020 20:45:40 GMT-0300 (Brasilia Standard Time) 
DELETE_COMPLETE    S3AuthGet            AWS::IAM::Policy                                Mon Dec 07 2020 20:45:40 GMT-0300 (Brasilia Standard Time) 
DELETE_COMPLETE    S3Policy             AWS::S3::BucketPolicy                           Mon Dec 07 2020 20:45:40 GMT-0300 (Brasilia Standard Time) 
DELETE_IN_PROGRESS S3AuthGet            AWS::IAM::Policy                                Mon Dec 07 2020 20:45:39 GMT-0300 (Brasilia Standard Time) 
DELETE_IN_PROGRESS S3Policy             AWS::S3::BucketPolicy                           Mon Dec 07 2020 20:45:39 GMT-0300 (Brasilia Standard Time) 
⠧ Updating resources in the cloud. This may take a few minutes...

DELETE_COMPLETE OriginAccessIdentity AWS::CloudFront::CloudFrontOriginAccessIdentity Mon Dec 07 2020 20:45:42 GMT-0300 (Brasilia Standard Time) 


DELETE_COMPLETE amplify-cfjwauth-dev-180800-videocfjwtauth-1V23EKLZC6H0B-rMediaConvertTemplate-P8ZLLJB3E7IF AWS::CloudFormation::Stack     Mon Dec 07 2020 20:45:42 GMT-0300 (Brasilia Standard Time) 
DELETE_COMPLETE JobTemplate                                                                                 AWS::MediaConvert::JobTemplate Mon Dec 07 2020 20:45:41 GMT-0300 (Brasilia Standard Time) 
⠋ Updating resources in the cloud. This may take a few minutes...

DELETE_COMPLETE amplify-cfjwauth-dev-180800-videocfjwtauth-1V23EKLZC6H0B-rS3OutputBucket-1SGC9O1JEFJGV AWS::CloudFormation::Stack Mon Dec 07 2020 20:45:43 GMT-0300 (Brasilia Standard Time) 
⠸ Updating resources in the cloud. This may take a few minutes...

DELETE_COMPLETE amplify-cfjwauth-dev-180800-videocfjwtauth-1V23EKLZC6H0B AWS::CloudFormation::Stack Mon Dec 07 2020 20:45:48 GMT-0300 (Brasilia Standard Time) 
DELETE_COMPLETE rMediaConvertTemplate                                    AWS::CloudFormation::Stack Mon Dec 07 2020 20:45:47 GMT-0300 (Brasilia Standard Time) 
DELETE_COMPLETE rS3InputBucket                                           AWS::CloudFormation::Stack Mon Dec 07 2020 20:45:47 GMT-0300 (Brasilia Standard Time) 
DELETE_COMPLETE rS3OutputBucket                                          AWS::CloudFormation::Stack Mon Dec 07 2020 20:45:47 GMT-0300 (Brasilia Standard Time) 
⠸ Updating resources in the cloud. This may take a few minutes...

UPDATE_ROLLBACK_COMPLETE amplify-cfjwauth-dev-180800 AWS::CloudFormation::Stack Mon Dec 07 2020 20:45:56 GMT-0300 (Brasilia Standard Time) 
DELETE_COMPLETE          videocfjwtauth              AWS::CloudFormation::Stack Mon Dec 07 2020 20:45:55 GMT-0300 (Brasilia Standard Time) 
⠼ Updating resources in the cloud. This may take a few minutes...Error updating cloudformation stack
⠴ Updating resources in the cloud. This may take a few minutes...

Following resources failed

Resource Name: ampli-S3Au-QP0KZ5OBRJSD (AWS::IAM::Policy)
Event Type: create
Reason: The role with name NONE cannot be found. (Service: AmazonIdentityManagement; Status Code: 404; Error Code: NoSuchEntity; Request ID: 23113952-bc30-41f1-9afa-85eb34fb149b; Proxy: null)


✖ An error occurred when pushing the resources to the cloud

Resource is not in the state stackUpdateComplete
An error occurred during the push operation: Resource is not in the state stackUpdateComplete
