2021-01-07T17:50:57.587Z|info : amplify init core  
2021-01-07T17:52:04.885Z|info : amplify-provider-awscloudformation.zip-util.downloadZip.s3.getFile([{"Key":"[***]rent-[***]ud-[***]d.zip"},null])
2021-01-07T17:52:04.898Z|info : amplify-provider-awscloudformation.aws-s3.s3.getFile([{"Key":"[***]rent-[***]ud-[***]d.zip","Bucket":"[***]ify-[***]auth-[***]ev-[***]800-[***]ment"}])
2021-01-07T17:52:06.244Z|info : amplify-provider-awscloudformation.initialize-env.run.cfn.updateamplifyMetaFileWithStackOutputs([{"StackName":"[***]ify-[***]auth-[***]ev-[***]800"}])
2021-01-07T17:52:06.249Z|info : amplify-provider-awscloudformation.aws-cfn.updateamplifyMetaFileWithStackOutputs.cfn.describeStackResources([{"StackName":"[***]ify-[***]auth-[***]ev-[***]800"}])
2021-01-07T17:52:06.974Z|info : amplify-provider-awscloudformation.aws-cfn.describeStack.cfn.describeStacks([{"StackName":"[***]rmation:us-[***]st-[***]42:stack/[***]ify-[***]auth-[***]ev-[***]800-[***]966ac581-[***]N2WGD/[***]bab0-[***]9c-[***]eb-[***]26-[***]fb5e3"}])
2021-01-07T17:52:06.983Z|info : amplify-provider-awscloudformation.aws-cfn.describeStack.cfn.describeStacks([{"StackName":"[***]rmation:us-[***]st-[***]42:stack/[***]ify-[***]auth-[***]ev-[***]800-[***]wtauth-[***]LYD25O/[***]b660-[***]aa-[***]eb-[***]4b-[***]e29b3"}])
2021-01-07T17:52:07.667Z|info : amplify-provider-awscloudformation.aws-s3.s3.getFile([{"Key":"[***]ify-[***]json","Bucket":"[***]ify-[***]auth-[***]ev-[***]800-[***]ment"}])
2021-01-07T17:54:21.658Z|info : amplify status core  
2021-01-07T17:54:37.787Z|info : amplify status core  
2021-01-07T17:59:44.197Z|info : amplify help auth  {"help":true,"yes":false}
2021-01-07T18:00:29.699Z|info : amplify console auth  
2021-01-07T18:10:54.870Z|info : amplify push core  
2021-01-07T18:11:07.193Z|info : amplify-provider-awscloudformation.zip-util.downloadZip.s3.getFile([{"Key":"[***]rent-[***]ud-[***]d.zip"},null])
2021-01-07T18:11:07.198Z|info : amplify-provider-awscloudformation.aws-s3.s3.getFile([{"Key":"[***]rent-[***]ud-[***]d.zip","Bucket":"[***]ify-[***]auth-[***]ev-[***]800-[***]ment"}])
2021-01-07T18:11:08.140Z|info : amplify-provider-awscloudformation.initialize-env.run.cfn.updateamplifyMetaFileWithStackOutputs([{"StackName":"[***]ify-[***]auth-[***]ev-[***]800"}])
2021-01-07T18:11:08.142Z|info : amplify-provider-awscloudformation.aws-cfn.updateamplifyMetaFileWithStackOutputs.cfn.describeStackResources([{"StackName":"[***]ify-[***]auth-[***]ev-[***]800"}])
2021-01-07T18:11:09.027Z|info : amplify-provider-awscloudformation.aws-cfn.describeStack.cfn.describeStacks([{"StackName":"[***]rmation:us-[***]st-[***]42:stack/[***]ify-[***]auth-[***]ev-[***]800-[***]966ac581-[***]N2WGD/[***]bab0-[***]9c-[***]eb-[***]26-[***]fb5e3"}])
2021-01-07T18:11:09.029Z|info : amplify-provider-awscloudformation.aws-cfn.describeStack.cfn.describeStacks([{"StackName":"[***]rmation:us-[***]st-[***]42:stack/[***]ify-[***]auth-[***]ev-[***]800-[***]wtauth-[***]LYD25O/[***]b660-[***]aa-[***]eb-[***]4b-[***]e29b3"}])
2021-01-07T18:11:09.808Z|info : amplify-provider-awscloudformation.aws-s3.s3.getFile([{"Key":"[***]ify-[***]json","Bucket":"[***]ify-[***]auth-[***]ev-[***]800-[***]ment"}])
2021-01-07T18:11:18.208Z|info : amplify-provider-awscloudformation.push-resources.packageResources.s3.uploadFile([{"Key":"[***]ify-[***]lds/[***]uth-[***]4e4c5966-[***].zip"}])
2021-01-07T18:11:18.212Z|info : amplify-provider-awscloudformation.aws-s3.uploadFile.s3.putObject([{"Key":"[***]ify-[***]lds/[***]uth-[***]4e4c5966-[***].zip","Bucket":"[***]ify-[***]auth-[***]ev-[***]800-[***]ment"}])
2021-01-07T18:11:24.063Z|info : amplify-provider-awscloudformation.aws-s3.uploadFile.s3.putObject([{"Key":"[***]ify-[***]fn-[***]ates/[***]tion/[***]uth-[***]mation-[***]e.json","Bucket":"[***]ify-[***]auth-[***]ev-[***]800-[***]ment"}])
2021-01-07T18:11:25.370Z|info : amplify-provider-awscloudformation.push-resources.updateCloudFormationNestedStack(["/Users/osmarb/Desktop/cf-jw-auth/amplify/backend/awscloudformation","/Users/osmarb/Desktop/cf-jw-auth/amplify/backend/awscloudformation/nested-cloudformation-stack.yml"])
2021-01-07T18:11:25.379Z|info : amplify-provider-awscloudformation.aws-cfn.updateResourceStack.s3.uploadFile([{}])
2021-01-07T18:11:25.379Z|info : amplify-provider-awscloudformation.aws-s3.uploadFile.s3.putObject([{"Key":"[***]ted-[***]mation-[***].yml","Bucket":"[***]ify-[***]auth-[***]ev-[***]800-[***]ment"}])
2021-01-07T18:11:26.829Z|info : amplify-provider-awscloudformation.aws-cfn.updateResourceStack.describeStack([{"StackName":"[***]ify-[***]auth-[***]ev-[***]800"}])
2021-01-07T18:11:26.829Z|info : amplify-provider-awscloudformation.aws-cfn.describeStack.cfn.describeStacks([{"StackName":"[***]ify-[***]auth-[***]ev-[***]800"}])
2021-01-07T18:11:27.504Z|info : amplify-provider-awscloudformation.aws-cfn.updateResourceStack.updateStack([{"StackName":"[***]ify-[***]auth-[***]ev-[***]800"}])
2021-01-07T18:11:33.559Z|info : amplify-provider-awscloudformation.aws-cfn.getStackEvents.cfnModel.describeStackEvents([{"StackName":"[***]ify-[***]auth-[***]ev-[***]800"}])
2021-01-07T18:11:34.813Z|info : amplify-provider-awscloudformation.aws-cfn.getStackEvents.cfnModel.describeStackEvents([{"StackName":"[***]rmation:us-[***]st-[***]42:stack/[***]ify-[***]auth-[***]ev-[***]800-[***]wtauth-[***]LYD25O/[***]b660-[***]aa-[***]eb-[***]4b-[***]e29b3"}])
2021-01-07T18:11:34.914Z|info : amplify-provider-awscloudformation.aws-cfn.getStackEvents.cfnModel.describeStackEvents([{"StackName":"[***]rmation:us-[***]st-[***]42:stack/[***]ify-[***]auth-[***]ev-[***]800/[***]e650-[***]98-[***]eb-[***]ff-[***]c2cc1"}])
2021-01-07T18:11:36.126Z|info : amplify-provider-awscloudformation.aws-cfn.getStackEvents.cfnModel.describeStackEvents([{"StackName":"[***]rmation:us-[***]st-[***]42:stack/[***]ify-[***]auth-[***]ev-[***]800-[***]wtauth-[***]LYD25O/[***]b660-[***]aa-[***]eb-[***]4b-[***]e29b3"}])
2021-01-07T18:11:38.556Z|info : amplify-provider-awscloudformation.aws-cfn.getStackEvents.cfnModel.describeStackEvents([{"StackName":"[***]ify-[***]auth-[***]ev-[***]800"}])
2021-01-07T18:11:39.689Z|info : amplify-provider-awscloudformation.aws-cfn.getStackEvents.cfnModel.describeStackEvents([{"StackName":"[***]rmation:us-[***]st-[***]42:stack/[***]ify-[***]auth-[***]ev-[***]800-[***]wtauth-[***]LYD25O/[***]b660-[***]aa-[***]eb-[***]4b-[***]e29b3"}])
2021-01-07T18:11:39.789Z|info : amplify-provider-awscloudformation.aws-cfn.getStackEvents.cfnModel.describeStackEvents([{"StackName":"[***]rmation:us-[***]st-[***]42:stack/[***]ify-[***]auth-[***]ev-[***]800/[***]e650-[***]98-[***]eb-[***]ff-[***]c2cc1"}])
2021-01-07T18:11:41.987Z|info : amplify-provider-awscloudformation.aws-cfn.getStackEvents.cfnModel.describeStackEvents([{"StackName":"[***]rmation:us-[***]st-[***]42:stack/[***]ify-[***]auth-[***]ev-[***]800-[***]wtauth-[***]LYD25O/[***]b660-[***]aa-[***]eb-[***]4b-[***]e29b3"}])
2021-01-07T18:11:43.559Z|info : amplify-provider-awscloudformation.aws-cfn.getStackEvents.cfnModel.describeStackEvents([{"StackName":"[***]ify-[***]auth-[***]ev-[***]800"}])
2021-01-07T18:11:44.718Z|info : amplify-provider-awscloudformation.aws-cfn.getStackEvents.cfnModel.describeStackEvents([{"StackName":"[***]rmation:us-[***]st-[***]42:stack/[***]ify-[***]auth-[***]ev-[***]800-[***]wtauth-[***]LYD25O/[***]b660-[***]aa-[***]eb-[***]4b-[***]e29b3"}])
2021-01-07T18:11:44.820Z|info : amplify-provider-awscloudformation.aws-cfn.getStackEvents.cfnModel.describeStackEvents([{"StackName":"[***]rmation:us-[***]st-[***]42:stack/[***]ify-[***]auth-[***]ev-[***]800/[***]e650-[***]98-[***]eb-[***]ff-[***]c2cc1"}])
2021-01-07T18:11:48.562Z|info : amplify-provider-awscloudformation.aws-cfn.getStackEvents.cfnModel.describeStackEvents([{"StackName":"[***]ify-[***]auth-[***]ev-[***]800"}])
2021-01-07T18:11:50.822Z|info : amplify-provider-awscloudformation.aws-cfn.getStackEvents.cfnModel.describeStackEvents([{"StackName":"[***]rmation:us-[***]st-[***]42:stack/[***]ify-[***]auth-[***]ev-[***]800/[***]e650-[***]98-[***]eb-[***]ff-[***]c2cc1"}])
2021-01-07T18:11:53.564Z|info : amplify-provider-awscloudformation.aws-cfn.getStackEvents.cfnModel.describeStackEvents([{"StackName":"[***]ify-[***]auth-[***]ev-[***]800"}])
2021-01-07T18:11:55.235Z|info : amplify-provider-awscloudformation.aws-cfn.getStackEvents.cfnModel.describeStackEvents([{"StackName":"[***]rmation:us-[***]st-[***]42:stack/[***]ify-[***]auth-[***]ev-[***]800/[***]e650-[***]98-[***]eb-[***]ff-[***]c2cc1"}])
2021-01-07T18:11:58.568Z|info : amplify-provider-awscloudformation.aws-cfn.getStackEvents.cfnModel.describeStackEvents([{"StackName":"[***]ify-[***]auth-[***]ev-[***]800"}])
2021-01-07T18:12:00.473Z|info : amplify-provider-awscloudformation.aws-cfn.getStackEvents.cfnModel.describeStackEvents([{"StackName":"[***]rmation:us-[***]st-[***]42:stack/[***]ify-[***]auth-[***]ev-[***]800/[***]e650-[***]98-[***]eb-[***]ff-[***]c2cc1"}])
2021-01-07T18:12:03.574Z|info : amplify-provider-awscloudformation.aws-cfn.getStackEvents.cfnModel.describeStackEvents([{"StackName":"[***]ify-[***]auth-[***]ev-[***]800"}])
2021-01-07T18:12:08.571Z|info : amplify-provider-awscloudformation.aws-cfn.getStackEvents.cfnModel.describeStackEvents([{"StackName":"[***]ify-[***]auth-[***]ev-[***]800"}])
2021-01-07T18:12:13.575Z|info : amplify-provider-awscloudformation.aws-cfn.getStackEvents.cfnModel.describeStackEvents([{"StackName":"[***]ify-[***]auth-[***]ev-[***]800"}])
2021-01-07T18:12:18.579Z|info : amplify-provider-awscloudformation.aws-cfn.getStackEvents.cfnModel.describeStackEvents([{"StackName":"[***]ify-[***]auth-[***]ev-[***]800"}])
2021-01-07T18:12:23.583Z|info : amplify-provider-awscloudformation.aws-cfn.getStackEvents.cfnModel.describeStackEvents([{"StackName":"[***]ify-[***]auth-[***]ev-[***]800"}])
2021-01-07T18:12:28.584Z|info : amplify-provider-awscloudformation.aws-cfn.getStackEvents.cfnModel.describeStackEvents([{"StackName":"[***]ify-[***]auth-[***]ev-[***]800"}])
2021-01-07T18:12:30.786Z|info : amplify-provider-awscloudformation.aws-cfn.updateamplifyMetaFileWithStackOutputs.cfn.describeStackResources([{"StackName":"[***]ify-[***]auth-[***]ev-[***]800"}])
2021-01-07T18:12:31.601Z|info : amplify-provider-awscloudformation.aws-cfn.describeStack.cfn.describeStacks([{"StackName":"[***]rmation:us-[***]st-[***]42:stack/[***]ify-[***]auth-[***]ev-[***]800-[***]966ac581-[***]N2WGD/[***]bab0-[***]9c-[***]eb-[***]26-[***]fb5e3"}])
2021-01-07T18:12:31.602Z|info : amplify-provider-awscloudformation.aws-cfn.describeStack.cfn.describeStacks([{"StackName":"[***]rmation:us-[***]st-[***]42:stack/[***]ify-[***]auth-[***]ev-[***]800-[***]wtauth-[***]LYD25O/[***]b660-[***]aa-[***]eb-[***]4b-[***]e29b3"}])
2021-01-07T18:12:33.059Z|info : amplify-provider-awscloudformation.push-resources.storeCurrentcoudBackend.s3.uploadFile([{"Key":"[***]rent-[***]ud-[***]d.zip"}])
2021-01-07T18:12:33.061Z|info : amplify-provider-awscloudformation.aws-s3.uploadFile.s3.putObject([{"Key":"[***]rent-[***]ud-[***]d.zip","Bucket":"[***]ify-[***]auth-[***]ev-[***]800-[***]ment"}])
2021-01-07T18:12:34.869Z|info : amplify-provider-awscloudformation.amplify-service-manager.s3.uploadFile([{"Key":"[***]ify-[***]json"}])
2021-01-07T18:12:34.869Z|info : amplify-provider-awscloudformation.aws-s3.uploadFile.s3.putObject([{"Key":"[***]ify-[***]json","Bucket":"[***]ify-[***]auth-[***]ev-[***]800-[***]ment"}])
2021-01-07T18:12:35.894Z|info : amplify-provider-awscloudformation.amplify-service-manager.s3.uploadFile([{"Key":"[***]end-[***].json"}])
2021-01-07T18:12:35.894Z|info : amplify-provider-awscloudformation.aws-s3.uploadFile.s3.putObject([{"Key":"[***]end-[***].json","Bucket":"[***]ify-[***]auth-[***]ev-[***]800-[***]ment"}])
2021-01-07T18:28:27.003Z|info : amplify push core  
2021-01-07T18:28:40.567Z|info : amplify-provider-awscloudformation.zip-util.downloadZip.s3.getFile([{"Key":"[***]rent-[***]ud-[***]d.zip"},null])
2021-01-07T18:28:40.573Z|info : amplify-provider-awscloudformation.aws-s3.s3.getFile([{"Key":"[***]rent-[***]ud-[***]d.zip","Bucket":"[***]ify-[***]auth-[***]ev-[***]800-[***]ment"}])
2021-01-07T18:28:41.756Z|info : amplify-provider-awscloudformation.initialize-env.run.cfn.updateamplifyMetaFileWithStackOutputs([{"StackName":"[***]ify-[***]auth-[***]ev-[***]800"}])
2021-01-07T18:28:41.762Z|info : amplify-provider-awscloudformation.aws-cfn.updateamplifyMetaFileWithStackOutputs.cfn.describeStackResources([{"StackName":"[***]ify-[***]auth-[***]ev-[***]800"}])
2021-01-07T18:28:42.569Z|info : amplify-provider-awscloudformation.aws-cfn.describeStack.cfn.describeStacks([{"StackName":"[***]rmation:us-[***]st-[***]42:stack/[***]ify-[***]auth-[***]ev-[***]800-[***]966ac581-[***]N2WGD/[***]bab0-[***]9c-[***]eb-[***]26-[***]fb5e3"}])
2021-01-07T18:28:42.582Z|info : amplify-provider-awscloudformation.aws-cfn.describeStack.cfn.describeStacks([{"StackName":"[***]rmation:us-[***]st-[***]42:stack/[***]ify-[***]auth-[***]ev-[***]800-[***]wtauth-[***]LYD25O/[***]b660-[***]aa-[***]eb-[***]4b-[***]e29b3"}])
2021-01-07T18:28:43.350Z|info : amplify-provider-awscloudformation.aws-s3.s3.getFile([{"Key":"[***]ify-[***]json","Bucket":"[***]ify-[***]auth-[***]ev-[***]800-[***]ment"}])
2021-01-07T18:29:52.643Z|info : amplify-provider-awscloudformation.push-resources.packageResources.s3.uploadFile([{"Key":"[***]ify-[***]lds/[***]uth-[***]66545839-[***].zip"}])
2021-01-07T18:29:52.646Z|info : amplify-provider-awscloudformation.aws-s3.uploadFile.s3.putObject([{"Key":"[***]ify-[***]lds/[***]uth-[***]66545839-[***].zip","Bucket":"[***]ify-[***]auth-[***]ev-[***]800-[***]ment"}])
2021-01-07T18:29:59.590Z|info : amplify-provider-awscloudformation.aws-s3.uploadFile.s3.putObject([{"Key":"[***]ify-[***]fn-[***]ates/[***]tion/[***]uth-[***]mation-[***]e.json","Bucket":"[***]ify-[***]auth-[***]ev-[***]800-[***]ment"}])
2021-01-07T18:30:01.165Z|info : amplify-provider-awscloudformation.push-resources.updateCloudFormationNestedStack(["/Users/osmarb/Desktop/cf-jw-auth/amplify/backend/awscloudformation","/Users/osmarb/Desktop/cf-jw-auth/amplify/backend/awscloudformation/nested-cloudformation-stack.yml"])
2021-01-07T18:30:01.172Z|info : amplify-provider-awscloudformation.aws-cfn.updateResourceStack.s3.uploadFile([{}])
2021-01-07T18:30:01.172Z|info : amplify-provider-awscloudformation.aws-s3.uploadFile.s3.putObject([{"Key":"[***]ted-[***]mation-[***].yml","Bucket":"[***]ify-[***]auth-[***]ev-[***]800-[***]ment"}])
2021-01-07T18:30:02.828Z|info : amplify-provider-awscloudformation.aws-cfn.updateResourceStack.describeStack([{"StackName":"[***]ify-[***]auth-[***]ev-[***]800"}])
2021-01-07T18:30:02.828Z|info : amplify-provider-awscloudformation.aws-cfn.describeStack.cfn.describeStacks([{"StackName":"[***]ify-[***]auth-[***]ev-[***]800"}])
2021-01-07T18:30:03.639Z|info : amplify-provider-awscloudformation.aws-cfn.updateResourceStack.updateStack([{"StackName":"[***]ify-[***]auth-[***]ev-[***]800"}])
2021-01-07T18:30:09.727Z|info : amplify-provider-awscloudformation.aws-cfn.getStackEvents.cfnModel.describeStackEvents([{"StackName":"[***]ify-[***]auth-[***]ev-[***]800"}])
2021-01-07T18:30:10.928Z|info : amplify-provider-awscloudformation.aws-cfn.getStackEvents.cfnModel.describeStackEvents([{"StackName":"[***]rmation:us-[***]st-[***]42:stack/[***]ify-[***]auth-[***]ev-[***]800-[***]wtauth-[***]LYD25O/[***]b660-[***]aa-[***]eb-[***]4b-[***]e29b3"}])
2021-01-07T18:30:11.022Z|info : amplify-provider-awscloudformation.aws-cfn.getStackEvents.cfnModel.describeStackEvents([{"StackName":"[***]rmation:us-[***]st-[***]42:stack/[***]ify-[***]auth-[***]ev-[***]800-[***]966ac581-[***]N2WGD/[***]bab0-[***]9c-[***]eb-[***]26-[***]fb5e3"}])
2021-01-07T18:30:11.126Z|info : amplify-provider-awscloudformation.aws-cfn.getStackEvents.cfnModel.describeStackEvents([{"StackName":"[***]rmation:us-[***]st-[***]42:stack/[***]ify-[***]auth-[***]ev-[***]800/[***]e650-[***]98-[***]eb-[***]ff-[***]c2cc1"}])
2021-01-07T18:30:12.480Z|info : amplify-provider-awscloudformation.aws-cfn.getStackEvents.cfnModel.describeStackEvents([{"StackName":"[***]rmation:us-[***]st-[***]42:stack/[***]ify-[***]auth-[***]ev-[***]800-[***]wtauth-[***]LYD25O/[***]b660-[***]aa-[***]eb-[***]4b-[***]e29b3"}])
2021-01-07T18:30:14.727Z|info : amplify-provider-awscloudformation.aws-cfn.getStackEvents.cfnModel.describeStackEvents([{"StackName":"[***]ify-[***]auth-[***]ev-[***]800"}])
2021-01-07T18:30:15.959Z|info : amplify-provider-awscloudformation.aws-cfn.getStackEvents.cfnModel.describeStackEvents([{"StackName":"[***]rmation:us-[***]st-[***]42:stack/[***]ify-[***]auth-[***]ev-[***]800-[***]wtauth-[***]LYD25O/[***]b660-[***]aa-[***]eb-[***]4b-[***]e29b3"}])
2021-01-07T18:30:16.058Z|info : amplify-provider-awscloudformation.aws-cfn.getStackEvents.cfnModel.describeStackEvents([{"StackName":"[***]rmation:us-[***]st-[***]42:stack/[***]ify-[***]auth-[***]ev-[***]800/[***]e650-[***]98-[***]eb-[***]ff-[***]c2cc1"}])
2021-01-07T18:30:17.594Z|info : amplify-provider-awscloudformation.aws-cfn.getStackEvents.cfnModel.describeStackEvents([{"StackName":"[***]rmation:us-[***]st-[***]42:stack/[***]ify-[***]auth-[***]ev-[***]800-[***]wtauth-[***]LYD25O/[***]b660-[***]aa-[***]eb-[***]4b-[***]e29b3"}])
2021-01-07T18:30:19.731Z|info : amplify-provider-awscloudformation.aws-cfn.getStackEvents.cfnModel.describeStackEvents([{"StackName":"[***]ify-[***]auth-[***]ev-[***]800"}])
2021-01-07T18:30:21.688Z|info : amplify-provider-awscloudformation.aws-cfn.getStackEvents.cfnModel.describeStackEvents([{"StackName":"[***]rmation:us-[***]st-[***]42:stack/[***]ify-[***]auth-[***]ev-[***]800-[***]wtauth-[***]LYD25O/[***]b660-[***]aa-[***]eb-[***]4b-[***]e29b3"}])
2021-01-07T18:30:21.787Z|info : amplify-provider-awscloudformation.aws-cfn.getStackEvents.cfnModel.describeStackEvents([{"StackName":"[***]rmation:us-[***]st-[***]42:stack/[***]ify-[***]auth-[***]ev-[***]800/[***]e650-[***]98-[***]eb-[***]ff-[***]c2cc1"}])
2021-01-07T18:30:24.731Z|info : amplify-provider-awscloudformation.aws-cfn.getStackEvents.cfnModel.describeStackEvents([{"StackName":"[***]ify-[***]auth-[***]ev-[***]800"}])
2021-01-07T18:30:25.961Z|info : amplify-provider-awscloudformation.aws-cfn.getStackEvents.cfnModel.describeStackEvents([{"StackName":"[***]rmation:us-[***]st-[***]42:stack/[***]ify-[***]auth-[***]ev-[***]800/[***]e650-[***]98-[***]eb-[***]ff-[***]c2cc1"}])
2021-01-07T18:30:29.737Z|info : amplify-provider-awscloudformation.aws-cfn.getStackEvents.cfnModel.describeStackEvents([{"StackName":"[***]ify-[***]auth-[***]ev-[***]800"}])
2021-01-07T18:30:32.614Z|info : amplify-provider-awscloudformation.aws-cfn.getStackEvents.cfnModel.describeStackEvents([{"StackName":"[***]rmation:us-[***]st-[***]42:stack/[***]ify-[***]auth-[***]ev-[***]800/[***]e650-[***]98-[***]eb-[***]ff-[***]c2cc1"}])
2021-01-07T18:30:34.739Z|info : amplify-provider-awscloudformation.aws-cfn.getStackEvents.cfnModel.describeStackEvents([{"StackName":"[***]ify-[***]auth-[***]ev-[***]800"}])
2021-01-07T18:30:35.961Z|info : amplify-provider-awscloudformation.aws-cfn.getStackEvents.cfnModel.describeStackEvents([{"StackName":"[***]rmation:us-[***]st-[***]42:stack/[***]ify-[***]auth-[***]ev-[***]800/[***]e650-[***]98-[***]eb-[***]ff-[***]c2cc1"}])
2021-01-07T18:30:36.318Z|info : amplify-provider-awscloudformation.aws-cfn.updateamplifyMetaFileWithStackOutputs.cfn.describeStackResources([{"StackName":"[***]ify-[***]auth-[***]ev-[***]800"}])
2021-01-07T18:30:37.241Z|info : amplify-provider-awscloudformation.aws-cfn.describeStack.cfn.describeStacks([{"StackName":"[***]rmation:us-[***]st-[***]42:stack/[***]ify-[***]auth-[***]ev-[***]800-[***]966ac581-[***]N2WGD/[***]bab0-[***]9c-[***]eb-[***]26-[***]fb5e3"}])
2021-01-07T18:30:37.242Z|info : amplify-provider-awscloudformation.aws-cfn.describeStack.cfn.describeStacks([{"StackName":"[***]rmation:us-[***]st-[***]42:stack/[***]ify-[***]auth-[***]ev-[***]800-[***]wtauth-[***]LYD25O/[***]b660-[***]aa-[***]eb-[***]4b-[***]e29b3"}])
2021-01-07T18:30:38.509Z|info : amplify-provider-awscloudformation.push-resources.storeCurrentcoudBackend.s3.uploadFile([{"Key":"[***]rent-[***]ud-[***]d.zip"}])
2021-01-07T18:30:38.510Z|info : amplify-provider-awscloudformation.aws-s3.uploadFile.s3.putObject([{"Key":"[***]rent-[***]ud-[***]d.zip","Bucket":"[***]ify-[***]auth-[***]ev-[***]800-[***]ment"}])
2021-01-07T18:30:40.102Z|info : amplify-provider-awscloudformation.amplify-service-manager.s3.uploadFile([{"Key":"[***]ify-[***]json"}])
2021-01-07T18:30:40.103Z|info : amplify-provider-awscloudformation.aws-s3.uploadFile.s3.putObject([{"Key":"[***]ify-[***]json","Bucket":"[***]ify-[***]auth-[***]ev-[***]800-[***]ment"}])
2021-01-07T18:30:41.188Z|info : amplify-provider-awscloudformation.amplify-service-manager.s3.uploadFile([{"Key":"[***]end-[***].json"}])
2021-01-07T18:30:41.188Z|info : amplify-provider-awscloudformation.aws-s3.uploadFile.s3.putObject([{"Key":"[***]end-[***].json","Bucket":"[***]ify-[***]auth-[***]ev-[***]800-[***]ment"}])
2021-01-07T18:38:57.616Z|info : amplify push core  
2021-01-07T18:39:08.746Z|info : amplify-provider-awscloudformation.zip-util.downloadZip.s3.getFile([{"Key":"[***]rent-[***]ud-[***]d.zip"},null])
2021-01-07T18:39:08.751Z|info : amplify-provider-awscloudformation.aws-s3.s3.getFile([{"Key":"[***]rent-[***]ud-[***]d.zip","Bucket":"[***]ify-[***]auth-[***]ev-[***]800-[***]ment"}])
2021-01-07T18:39:10.297Z|info : amplify-provider-awscloudformation.initialize-env.run.cfn.updateamplifyMetaFileWithStackOutputs([{"StackName":"[***]ify-[***]auth-[***]ev-[***]800"}])
2021-01-07T18:39:10.300Z|info : amplify-provider-awscloudformation.aws-cfn.updateamplifyMetaFileWithStackOutputs.cfn.describeStackResources([{"StackName":"[***]ify-[***]auth-[***]ev-[***]800"}])
2021-01-07T18:39:11.080Z|info : amplify-provider-awscloudformation.aws-cfn.describeStack.cfn.describeStacks([{"StackName":"[***]rmation:us-[***]st-[***]42:stack/[***]ify-[***]auth-[***]ev-[***]800-[***]966ac581-[***]N2WGD/[***]bab0-[***]9c-[***]eb-[***]26-[***]fb5e3"}])
2021-01-07T18:39:11.082Z|info : amplify-provider-awscloudformation.aws-cfn.describeStack.cfn.describeStacks([{"StackName":"[***]rmation:us-[***]st-[***]42:stack/[***]ify-[***]auth-[***]ev-[***]800-[***]wtauth-[***]LYD25O/[***]b660-[***]aa-[***]eb-[***]4b-[***]e29b3"}])
2021-01-07T18:39:11.926Z|info : amplify-provider-awscloudformation.aws-s3.s3.getFile([{"Key":"[***]ify-[***]json","Bucket":"[***]ify-[***]auth-[***]ev-[***]800-[***]ment"}])
2021-01-07T18:39:21.219Z|info : amplify-provider-awscloudformation.push-resources.packageResources.s3.uploadFile([{"Key":"[***]ify-[***]lds/[***]uth-[***]34762b78-[***].zip"}])
2021-01-07T18:39:21.222Z|info : amplify-provider-awscloudformation.aws-s3.uploadFile.s3.putObject([{"Key":"[***]ify-[***]lds/[***]uth-[***]34762b78-[***].zip","Bucket":"[***]ify-[***]auth-[***]ev-[***]800-[***]ment"}])
2021-01-07T18:39:27.828Z|info : amplify-provider-awscloudformation.aws-s3.uploadFile.s3.putObject([{"Key":"[***]ify-[***]fn-[***]ates/[***]tion/[***]uth-[***]mation-[***]e.json","Bucket":"[***]ify-[***]auth-[***]ev-[***]800-[***]ment"}])
2021-01-07T18:39:29.298Z|info : amplify-provider-awscloudformation.push-resources.updateCloudFormationNestedStack(["/Users/osmarb/Desktop/cf-jw-auth/amplify/backend/awscloudformation","/Users/osmarb/Desktop/cf-jw-auth/amplify/backend/awscloudformation/nested-cloudformation-stack.yml"])
2021-01-07T18:39:29.305Z|info : amplify-provider-awscloudformation.aws-cfn.updateResourceStack.s3.uploadFile([{}])
2021-01-07T18:39:29.305Z|info : amplify-provider-awscloudformation.aws-s3.uploadFile.s3.putObject([{"Key":"[***]ted-[***]mation-[***].yml","Bucket":"[***]ify-[***]auth-[***]ev-[***]800-[***]ment"}])
2021-01-07T18:39:31.128Z|info : amplify-provider-awscloudformation.aws-cfn.updateResourceStack.describeStack([{"StackName":"[***]ify-[***]auth-[***]ev-[***]800"}])
2021-01-07T18:39:31.129Z|info : amplify-provider-awscloudformation.aws-cfn.describeStack.cfn.describeStacks([{"StackName":"[***]ify-[***]auth-[***]ev-[***]800"}])
2021-01-07T18:39:32.251Z|info : amplify-provider-awscloudformation.aws-cfn.updateResourceStack.updateStack([{"StackName":"[***]ify-[***]auth-[***]ev-[***]800"}])
2021-01-07T18:39:38.501Z|info : amplify-provider-awscloudformation.aws-cfn.getStackEvents.cfnModel.describeStackEvents([{"StackName":"[***]ify-[***]auth-[***]ev-[***]800"}])
2021-01-07T18:39:41.590Z|info : amplify-provider-awscloudformation.aws-cfn.getStackEvents.cfnModel.describeStackEvents([{"StackName":"[***]rmation:us-[***]st-[***]42:stack/[***]ify-[***]auth-[***]ev-[***]800-[***]wtauth-[***]LYD25O/[***]b660-[***]aa-[***]eb-[***]4b-[***]e29b3"}])
2021-01-07T18:39:41.692Z|info : amplify-provider-awscloudformation.aws-cfn.getStackEvents.cfnModel.describeStackEvents([{"StackName":"[***]rmation:us-[***]st-[***]42:stack/[***]ify-[***]auth-[***]ev-[***]800/[***]e650-[***]98-[***]eb-[***]ff-[***]c2cc1"}])
2021-01-07T18:39:43.360Z|info : amplify-provider-awscloudformation.aws-cfn.getStackEvents.cfnModel.describeStackEvents([{"StackName":"[***]rmation:us-[***]st-[***]42:stack/[***]ify-[***]auth-[***]ev-[***]800-[***]wtauth-[***]LYD25O/[***]b660-[***]aa-[***]eb-[***]4b-[***]e29b3"}])
2021-01-07T18:39:43.494Z|info : amplify-provider-awscloudformation.aws-cfn.getStackEvents.cfnModel.describeStackEvents([{"StackName":"[***]ify-[***]auth-[***]ev-[***]800"}])
2021-01-07T18:39:44.696Z|info : amplify-provider-awscloudformation.aws-cfn.getStackEvents.cfnModel.describeStackEvents([{"StackName":"[***]rmation:us-[***]st-[***]42:stack/[***]ify-[***]auth-[***]ev-[***]800-[***]wtauth-[***]LYD25O/[***]b660-[***]aa-[***]eb-[***]4b-[***]e29b3"}])
2021-01-07T18:39:44.798Z|info : amplify-provider-awscloudformation.aws-cfn.getStackEvents.cfnModel.describeStackEvents([{"StackName":"[***]rmation:us-[***]st-[***]42:stack/[***]ify-[***]auth-[***]ev-[***]800/[***]e650-[***]98-[***]eb-[***]ff-[***]c2cc1"}])
2021-01-07T18:39:46.258Z|info : amplify-provider-awscloudformation.aws-cfn.getStackEvents.cfnModel.describeStackEvents([{"StackName":"[***]rmation:us-[***]st-[***]42:stack/[***]ify-[***]auth-[***]ev-[***]800-[***]wtauth-[***]LYD25O/[***]b660-[***]aa-[***]eb-[***]4b-[***]e29b3"}])
2021-01-07T18:39:48.496Z|info : amplify-provider-awscloudformation.aws-cfn.getStackEvents.cfnModel.describeStackEvents([{"StackName":"[***]ify-[***]auth-[***]ev-[***]800"}])
2021-01-07T18:39:49.857Z|info : amplify-provider-awscloudformation.aws-cfn.getStackEvents.cfnModel.describeStackEvents([{"StackName":"[***]rmation:us-[***]st-[***]42:stack/[***]ify-[***]auth-[***]ev-[***]800-[***]wtauth-[***]LYD25O/[***]b660-[***]aa-[***]eb-[***]4b-[***]e29b3"}])
2021-01-07T18:39:49.961Z|info : amplify-provider-awscloudformation.aws-cfn.getStackEvents.cfnModel.describeStackEvents([{"StackName":"[***]rmation:us-[***]st-[***]42:stack/[***]ify-[***]auth-[***]ev-[***]800/[***]e650-[***]98-[***]eb-[***]ff-[***]c2cc1"}])
2021-01-07T18:39:53.498Z|info : amplify-provider-awscloudformation.aws-cfn.getStackEvents.cfnModel.describeStackEvents([{"StackName":"[***]ify-[***]auth-[***]ev-[***]800"}])
2021-01-07T18:39:55.327Z|info : amplify-provider-awscloudformation.aws-cfn.getStackEvents.cfnModel.describeStackEvents([{"StackName":"[***]rmation:us-[***]st-[***]42:stack/[***]ify-[***]auth-[***]ev-[***]800/[***]e650-[***]98-[***]eb-[***]ff-[***]c2cc1"}])
2021-01-07T18:39:58.500Z|info : amplify-provider-awscloudformation.aws-cfn.getStackEvents.cfnModel.describeStackEvents([{"StackName":"[***]ify-[***]auth-[***]ev-[***]800"}])
2021-01-07T18:40:00.143Z|info : amplify-provider-awscloudformation.aws-cfn.getStackEvents.cfnModel.describeStackEvents([{"StackName":"[***]rmation:us-[***]st-[***]42:stack/[***]ify-[***]auth-[***]ev-[***]800/[***]e650-[***]98-[***]eb-[***]ff-[***]c2cc1"}])
2021-01-07T18:40:03.505Z|info : amplify-provider-awscloudformation.aws-cfn.getStackEvents.cfnModel.describeStackEvents([{"StackName":"[***]ify-[***]auth-[***]ev-[***]800"}])
2021-01-07T18:40:04.771Z|info : amplify-provider-awscloudformation.aws-cfn.getStackEvents.cfnModel.describeStackEvents([{"StackName":"[***]rmation:us-[***]st-[***]42:stack/[***]ify-[***]auth-[***]ev-[***]800/[***]e650-[***]98-[***]eb-[***]ff-[***]c2cc1"}])
2021-01-07T18:40:08.508Z|info : amplify-provider-awscloudformation.aws-cfn.getStackEvents.cfnModel.describeStackEvents([{"StackName":"[***]ify-[***]auth-[***]ev-[***]800"}])
2021-01-07T18:40:13.508Z|info : amplify-provider-awscloudformation.aws-cfn.getStackEvents.cfnModel.describeStackEvents([{"StackName":"[***]ify-[***]auth-[***]ev-[***]800"}])
2021-01-07T18:40:18.510Z|info : amplify-provider-awscloudformation.aws-cfn.getStackEvents.cfnModel.describeStackEvents([{"StackName":"[***]ify-[***]auth-[***]ev-[***]800"}])
2021-01-07T18:40:23.513Z|info : amplify-provider-awscloudformation.aws-cfn.getStackEvents.cfnModel.describeStackEvents([{"StackName":"[***]ify-[***]auth-[***]ev-[***]800"}])
2021-01-07T18:40:28.513Z|info : amplify-provider-awscloudformation.aws-cfn.getStackEvents.cfnModel.describeStackEvents([{"StackName":"[***]ify-[***]auth-[***]ev-[***]800"}])
2021-01-07T18:40:33.515Z|info : amplify-provider-awscloudformation.aws-cfn.getStackEvents.cfnModel.describeStackEvents([{"StackName":"[***]ify-[***]auth-[***]ev-[***]800"}])
2021-01-07T18:40:35.947Z|info : amplify-provider-awscloudformation.aws-cfn.updateamplifyMetaFileWithStackOutputs.cfn.describeStackResources([{"StackName":"[***]ify-[***]auth-[***]ev-[***]800"}])
2021-01-07T18:40:36.827Z|info : amplify-provider-awscloudformation.aws-cfn.describeStack.cfn.describeStacks([{"StackName":"[***]rmation:us-[***]st-[***]42:stack/[***]ify-[***]auth-[***]ev-[***]800-[***]966ac581-[***]N2WGD/[***]bab0-[***]9c-[***]eb-[***]26-[***]fb5e3"}])
2021-01-07T18:40:36.829Z|info : amplify-provider-awscloudformation.aws-cfn.describeStack.cfn.describeStacks([{"StackName":"[***]rmation:us-[***]st-[***]42:stack/[***]ify-[***]auth-[***]ev-[***]800-[***]wtauth-[***]LYD25O/[***]b660-[***]aa-[***]eb-[***]4b-[***]e29b3"}])
2021-01-07T18:40:38.203Z|info : amplify-provider-awscloudformation.push-resources.storeCurrentcoudBackend.s3.uploadFile([{"Key":"[***]rent-[***]ud-[***]d.zip"}])
2021-01-07T18:40:38.204Z|info : amplify-provider-awscloudformation.aws-s3.uploadFile.s3.putObject([{"Key":"[***]rent-[***]ud-[***]d.zip","Bucket":"[***]ify-[***]auth-[***]ev-[***]800-[***]ment"}])
2021-01-07T18:40:40.022Z|info : amplify-provider-awscloudformation.amplify-service-manager.s3.uploadFile([{"Key":"[***]ify-[***]json"}])
2021-01-07T18:40:40.023Z|info : amplify-provider-awscloudformation.aws-s3.uploadFile.s3.putObject([{"Key":"[***]ify-[***]json","Bucket":"[***]ify-[***]auth-[***]ev-[***]800-[***]ment"}])
2021-01-07T18:40:40.882Z|info : amplify-provider-awscloudformation.amplify-service-manager.s3.uploadFile([{"Key":"[***]end-[***].json"}])
2021-01-07T18:40:40.883Z|info : amplify-provider-awscloudformation.aws-s3.uploadFile.s3.putObject([{"Key":"[***]end-[***].json","Bucket":"[***]ify-[***]auth-[***]ev-[***]800-[***]ment"}])
2021-01-07T18:58:16.574Z|info : amplify console auth  
2021-01-07T23:22:22.387Z|info : amplify push core  
2021-01-07T23:22:33.575Z|info : amplify-provider-awscloudformation.zip-util.downloadZip.s3.getFile([{"Key":"[***]rent-[***]ud-[***]d.zip"},null])
2021-01-07T23:22:33.580Z|info : amplify-provider-awscloudformation.aws-s3.s3.getFile([{"Key":"[***]rent-[***]ud-[***]d.zip","Bucket":"[***]ify-[***]auth-[***]ev-[***]800-[***]ment"}])
2021-01-07T23:22:34.876Z|info : amplify-provider-awscloudformation.initialize-env.run.cfn.updateamplifyMetaFileWithStackOutputs([{"StackName":"[***]ify-[***]auth-[***]ev-[***]800"}])
2021-01-07T23:22:34.878Z|info : amplify-provider-awscloudformation.aws-cfn.updateamplifyMetaFileWithStackOutputs.cfn.describeStackResources([{"StackName":"[***]ify-[***]auth-[***]ev-[***]800"}])
2021-01-07T23:22:35.760Z|info : amplify-provider-awscloudformation.aws-cfn.describeStack.cfn.describeStacks([{"StackName":"[***]rmation:us-[***]st-[***]42:stack/[***]ify-[***]auth-[***]ev-[***]800-[***]966ac581-[***]N2WGD/[***]bab0-[***]9c-[***]eb-[***]26-[***]fb5e3"}])
2021-01-07T23:22:35.761Z|info : amplify-provider-awscloudformation.aws-cfn.describeStack.cfn.describeStacks([{"StackName":"[***]rmation:us-[***]st-[***]42:stack/[***]ify-[***]auth-[***]ev-[***]800-[***]wtauth-[***]LYD25O/[***]b660-[***]aa-[***]eb-[***]4b-[***]e29b3"}])
2021-01-07T23:22:36.664Z|info : amplify-provider-awscloudformation.aws-s3.s3.getFile([{"Key":"[***]ify-[***]json","Bucket":"[***]ify-[***]auth-[***]ev-[***]800-[***]ment"}])
2021-01-07T23:23:28.157Z|info : amplify-provider-awscloudformation.push-resources.packageResources.s3.uploadFile([{"Key":"[***]ify-[***]lds/[***]uth-[***]64395745-[***].zip"}])
2021-01-07T23:23:28.159Z|info : amplify-provider-awscloudformation.aws-s3.uploadFile.s3.putObject([{"Key":"[***]ify-[***]lds/[***]uth-[***]64395745-[***].zip","Bucket":"[***]ify-[***]auth-[***]ev-[***]800-[***]ment"}])
2021-01-07T23:23:33.921Z|info : amplify-provider-awscloudformation.aws-s3.uploadFile.s3.putObject([{"Key":"[***]ify-[***]fn-[***]ates/[***]tion/[***]uth-[***]mation-[***]e.json","Bucket":"[***]ify-[***]auth-[***]ev-[***]800-[***]ment"}])
2021-01-07T23:23:35.731Z|info : amplify-provider-awscloudformation.push-resources.updateCloudFormationNestedStack(["/Users/osmarb/Desktop/cf-jw-auth/amplify/backend/awscloudformation","/Users/osmarb/Desktop/cf-jw-auth/amplify/backend/awscloudformation/nested-cloudformation-stack.yml"])
2021-01-07T23:23:35.737Z|info : amplify-provider-awscloudformation.aws-cfn.updateResourceStack.s3.uploadFile([{}])
2021-01-07T23:23:35.738Z|info : amplify-provider-awscloudformation.aws-s3.uploadFile.s3.putObject([{"Key":"[***]ted-[***]mation-[***].yml","Bucket":"[***]ify-[***]auth-[***]ev-[***]800-[***]ment"}])
2021-01-07T23:23:36.876Z|info : amplify-provider-awscloudformation.aws-cfn.updateResourceStack.describeStack([{"StackName":"[***]ify-[***]auth-[***]ev-[***]800"}])
2021-01-07T23:23:36.876Z|info : amplify-provider-awscloudformation.aws-cfn.describeStack.cfn.describeStacks([{"StackName":"[***]ify-[***]auth-[***]ev-[***]800"}])
2021-01-07T23:23:37.859Z|info : amplify-provider-awscloudformation.aws-cfn.updateResourceStack.updateStack([{"StackName":"[***]ify-[***]auth-[***]ev-[***]800"}])
2021-01-07T23:23:43.861Z|info : amplify-provider-awscloudformation.aws-cfn.getStackEvents.cfnModel.describeStackEvents([{"StackName":"[***]ify-[***]auth-[***]ev-[***]800"}])
2021-01-07T23:23:45.023Z|info : amplify-provider-awscloudformation.aws-cfn.getStackEvents.cfnModel.describeStackEvents([{"StackName":"[***]rmation:us-[***]st-[***]42:stack/[***]ify-[***]auth-[***]ev-[***]800-[***]966ac581-[***]N2WGD/[***]bab0-[***]9c-[***]eb-[***]26-[***]fb5e3"}])
2021-01-07T23:23:45.126Z|info : amplify-provider-awscloudformation.aws-cfn.getStackEvents.cfnModel.describeStackEvents([{"StackName":"[***]rmation:us-[***]st-[***]42:stack/[***]ify-[***]auth-[***]ev-[***]800-[***]wtauth-[***]LYD25O/[***]b660-[***]aa-[***]eb-[***]4b-[***]e29b3"}])
2021-01-07T23:23:45.226Z|info : amplify-provider-awscloudformation.aws-cfn.getStackEvents.cfnModel.describeStackEvents([{"StackName":"[***]rmation:us-[***]st-[***]42:stack/[***]ify-[***]auth-[***]ev-[***]800/[***]e650-[***]98-[***]eb-[***]ff-[***]c2cc1"}])
2021-01-07T23:23:46.272Z|info : amplify-provider-awscloudformation.aws-cfn.getStackEvents.cfnModel.describeStackEvents([{"StackName":"[***]rmation:us-[***]st-[***]42:stack/[***]ify-[***]auth-[***]ev-[***]800-[***]wtauth-[***]LYD25O/[***]b660-[***]aa-[***]eb-[***]4b-[***]e29b3"}])
2021-01-07T23:23:48.858Z|info : amplify-provider-awscloudformation.aws-cfn.getStackEvents.cfnModel.describeStackEvents([{"StackName":"[***]ify-[***]auth-[***]ev-[***]800"}])
2021-01-07T23:23:50.116Z|info : amplify-provider-awscloudformation.aws-cfn.getStackEvents.cfnModel.describeStackEvents([{"StackName":"[***]rmation:us-[***]st-[***]42:stack/[***]ify-[***]auth-[***]ev-[***]800-[***]wtauth-[***]LYD25O/[***]b660-[***]aa-[***]eb-[***]4b-[***]e29b3"}])
2021-01-07T23:23:50.221Z|info : amplify-provider-awscloudformation.aws-cfn.getStackEvents.cfnModel.describeStackEvents([{"StackName":"[***]rmation:us-[***]st-[***]42:stack/[***]ify-[***]auth-[***]ev-[***]800/[***]e650-[***]98-[***]eb-[***]ff-[***]c2cc1"}])
2021-01-07T23:23:52.625Z|info : amplify-provider-awscloudformation.aws-cfn.getStackEvents.cfnModel.describeStackEvents([{"StackName":"[***]rmation:us-[***]st-[***]42:stack/[***]ify-[***]auth-[***]ev-[***]800-[***]wtauth-[***]LYD25O/[***]b660-[***]aa-[***]eb-[***]4b-[***]e29b3"}])
2021-01-07T23:23:53.858Z|info : amplify-provider-awscloudformation.aws-cfn.getStackEvents.cfnModel.describeStackEvents([{"StackName":"[***]ify-[***]auth-[***]ev-[***]800"}])
2021-01-07T23:23:56.307Z|info : amplify-provider-awscloudformation.aws-cfn.getStackEvents.cfnModel.describeStackEvents([{"StackName":"[***]rmation:us-[***]st-[***]42:stack/[***]ify-[***]auth-[***]ev-[***]800-[***]wtauth-[***]LYD25O/[***]b660-[***]aa-[***]eb-[***]4b-[***]e29b3"}])
2021-01-07T23:23:56.406Z|info : amplify-provider-awscloudformation.aws-cfn.getStackEvents.cfnModel.describeStackEvents([{"StackName":"[***]rmation:us-[***]st-[***]42:stack/[***]ify-[***]auth-[***]ev-[***]800/[***]e650-[***]98-[***]eb-[***]ff-[***]c2cc1"}])
2021-01-07T23:23:58.863Z|info : amplify-provider-awscloudformation.aws-cfn.getStackEvents.cfnModel.describeStackEvents([{"StackName":"[***]ify-[***]auth-[***]ev-[***]800"}])
2021-01-07T23:24:01.162Z|info : amplify-provider-awscloudformation.aws-cfn.getStackEvents.cfnModel.describeStackEvents([{"StackName":"[***]rmation:us-[***]st-[***]42:stack/[***]ify-[***]auth-[***]ev-[***]800/[***]e650-[***]98-[***]eb-[***]ff-[***]c2cc1"}])
2021-01-07T23:24:03.866Z|info : amplify-provider-awscloudformation.aws-cfn.getStackEvents.cfnModel.describeStackEvents([{"StackName":"[***]ify-[***]auth-[***]ev-[***]800"}])
2021-01-07T23:24:05.429Z|info : amplify-provider-awscloudformation.aws-cfn.getStackEvents.cfnModel.describeStackEvents([{"StackName":"[***]rmation:us-[***]st-[***]42:stack/[***]ify-[***]auth-[***]ev-[***]800/[***]e650-[***]98-[***]eb-[***]ff-[***]c2cc1"}])
2021-01-07T23:24:08.867Z|info : amplify-provider-awscloudformation.aws-cfn.getStackEvents.cfnModel.describeStackEvents([{"StackName":"[***]ify-[***]auth-[***]ev-[***]800"}])
2021-01-07T23:24:11.555Z|info : amplify-provider-awscloudformation.aws-cfn.getStackEvents.cfnModel.describeStackEvents([{"StackName":"[***]rmation:us-[***]st-[***]42:stack/[***]ify-[***]auth-[***]ev-[***]800/[***]e650-[***]98-[***]eb-[***]ff-[***]c2cc1"}])
2021-01-07T23:24:13.878Z|info : amplify-provider-awscloudformation.aws-cfn.getStackEvents.cfnModel.describeStackEvents([{"StackName":"[***]ify-[***]auth-[***]ev-[***]800"}])
2021-01-07T23:24:18.878Z|info : amplify-provider-awscloudformation.aws-cfn.getStackEvents.cfnModel.describeStackEvents([{"StackName":"[***]ify-[***]auth-[***]ev-[***]800"}])
2021-01-07T23:24:23.878Z|info : amplify-provider-awscloudformation.aws-cfn.getStackEvents.cfnModel.describeStackEvents([{"StackName":"[***]ify-[***]auth-[***]ev-[***]800"}])
2021-01-07T23:24:28.877Z|info : amplify-provider-awscloudformation.aws-cfn.getStackEvents.cfnModel.describeStackEvents([{"StackName":"[***]ify-[***]auth-[***]ev-[***]800"}])
2021-01-07T23:24:33.878Z|info : amplify-provider-awscloudformation.aws-cfn.getStackEvents.cfnModel.describeStackEvents([{"StackName":"[***]ify-[***]auth-[***]ev-[***]800"}])
2021-01-07T23:24:38.878Z|info : amplify-provider-awscloudformation.aws-cfn.getStackEvents.cfnModel.describeStackEvents([{"StackName":"[***]ify-[***]auth-[***]ev-[***]800"}])
2021-01-07T23:24:41.351Z|info : amplify-provider-awscloudformation.aws-cfn.updateamplifyMetaFileWithStackOutputs.cfn.describeStackResources([{"StackName":"[***]ify-[***]auth-[***]ev-[***]800"}])
2021-01-07T23:24:42.164Z|info : amplify-provider-awscloudformation.aws-cfn.describeStack.cfn.describeStacks([{"StackName":"[***]rmation:us-[***]st-[***]42:stack/[***]ify-[***]auth-[***]ev-[***]800-[***]966ac581-[***]N2WGD/[***]bab0-[***]9c-[***]eb-[***]26-[***]fb5e3"}])
2021-01-07T23:24:42.165Z|info : amplify-provider-awscloudformation.aws-cfn.describeStack.cfn.describeStacks([{"StackName":"[***]rmation:us-[***]st-[***]42:stack/[***]ify-[***]auth-[***]ev-[***]800-[***]wtauth-[***]LYD25O/[***]b660-[***]aa-[***]eb-[***]4b-[***]e29b3"}])
2021-01-07T23:24:43.618Z|info : amplify-provider-awscloudformation.push-resources.storeCurrentcoudBackend.s3.uploadFile([{"Key":"[***]rent-[***]ud-[***]d.zip"}])
2021-01-07T23:24:43.619Z|info : amplify-provider-awscloudformation.aws-s3.uploadFile.s3.putObject([{"Key":"[***]rent-[***]ud-[***]d.zip","Bucket":"[***]ify-[***]auth-[***]ev-[***]800-[***]ment"}])
2021-01-07T23:24:45.028Z|info : amplify-provider-awscloudformation.amplify-service-manager.s3.uploadFile([{"Key":"[***]ify-[***]json"}])
2021-01-07T23:24:45.029Z|info : amplify-provider-awscloudformation.aws-s3.uploadFile.s3.putObject([{"Key":"[***]ify-[***]json","Bucket":"[***]ify-[***]auth-[***]ev-[***]800-[***]ment"}])
2021-01-07T23:24:45.950Z|info : amplify-provider-awscloudformation.amplify-service-manager.s3.uploadFile([{"Key":"[***]end-[***].json"}])
2021-01-07T23:24:45.951Z|info : amplify-provider-awscloudformation.aws-s3.uploadFile.s3.putObject([{"Key":"[***]end-[***].json","Bucket":"[***]ify-[***]auth-[***]ev-[***]800-[***]ment"}])
2021-01-07T23:32:46.002Z|info : amplify push core  
2021-01-07T23:32:59.274Z|info : amplify-provider-awscloudformation.zip-util.downloadZip.s3.getFile([{"Key":"[***]rent-[***]ud-[***]d.zip"},null])
2021-01-07T23:32:59.383Z|info : amplify-provider-awscloudformation.aws-s3.s3.getFile([{"Key":"[***]rent-[***]ud-[***]d.zip","Bucket":"[***]ify-[***]auth-[***]ev-[***]800-[***]ment"}])
2021-01-07T23:33:01.712Z|info : amplify-provider-awscloudformation.initialize-env.run.cfn.updateamplifyMetaFileWithStackOutputs([{"StackName":"[***]ify-[***]auth-[***]ev-[***]800"}])
2021-01-07T23:33:01.974Z|info : amplify-provider-awscloudformation.aws-cfn.updateamplifyMetaFileWithStackOutputs.cfn.describeStackResources([{"StackName":"[***]ify-[***]auth-[***]ev-[***]800"}])
2021-01-07T23:33:02.822Z|info : amplify-provider-awscloudformation.aws-cfn.describeStack.cfn.describeStacks([{"StackName":"[***]rmation:us-[***]st-[***]42:stack/[***]ify-[***]auth-[***]ev-[***]800-[***]966ac581-[***]N2WGD/[***]bab0-[***]9c-[***]eb-[***]26-[***]fb5e3"}])
2021-01-07T23:33:02.824Z|info : amplify-provider-awscloudformation.aws-cfn.describeStack.cfn.describeStacks([{"StackName":"[***]rmation:us-[***]st-[***]42:stack/[***]ify-[***]auth-[***]ev-[***]800-[***]wtauth-[***]LYD25O/[***]b660-[***]aa-[***]eb-[***]4b-[***]e29b3"}])
2021-01-07T23:33:03.528Z|info : amplify-provider-awscloudformation.aws-s3.s3.getFile([{"Key":"[***]ify-[***]json","Bucket":"[***]ify-[***]auth-[***]ev-[***]800-[***]ment"}])
2021-01-07T23:33:38.874Z|info : amplify-provider-awscloudformation.push-resources.packageResources.s3.uploadFile([{"Key":"[***]ify-[***]lds/[***]uth-[***]75496555-[***].zip"}])
2021-01-07T23:33:38.878Z|info : amplify-provider-awscloudformation.aws-s3.uploadFile.s3.putObject([{"Key":"[***]ify-[***]lds/[***]uth-[***]75496555-[***].zip","Bucket":"[***]ify-[***]auth-[***]ev-[***]800-[***]ment"}])
2021-01-07T23:33:44.413Z|info : amplify-provider-awscloudformation.aws-s3.uploadFile.s3.putObject([{"Key":"[***]ify-[***]fn-[***]ates/[***]tion/[***]uth-[***]mation-[***]e.json","Bucket":"[***]ify-[***]auth-[***]ev-[***]800-[***]ment"}])
2021-01-07T23:33:45.731Z|info : amplify-provider-awscloudformation.push-resources.updateCloudFormationNestedStack(["/Users/osmarb/Desktop/cf-jw-auth/amplify/backend/awscloudformation","/Users/osmarb/Desktop/cf-jw-auth/amplify/backend/awscloudformation/nested-cloudformation-stack.yml"])
2021-01-07T23:33:45.742Z|info : amplify-provider-awscloudformation.aws-cfn.updateResourceStack.s3.uploadFile([{}])
2021-01-07T23:33:45.742Z|info : amplify-provider-awscloudformation.aws-s3.uploadFile.s3.putObject([{"Key":"[***]ted-[***]mation-[***].yml","Bucket":"[***]ify-[***]auth-[***]ev-[***]800-[***]ment"}])
2021-01-07T23:33:47.010Z|info : amplify-provider-awscloudformation.aws-cfn.updateResourceStack.describeStack([{"StackName":"[***]ify-[***]auth-[***]ev-[***]800"}])
2021-01-07T23:33:47.010Z|info : amplify-provider-awscloudformation.aws-cfn.describeStack.cfn.describeStacks([{"StackName":"[***]ify-[***]auth-[***]ev-[***]800"}])
2021-01-07T23:33:47.692Z|info : amplify-provider-awscloudformation.aws-cfn.updateResourceStack.updateStack([{"StackName":"[***]ify-[***]auth-[***]ev-[***]800"}])
2021-01-07T23:33:53.700Z|info : amplify-provider-awscloudformation.aws-cfn.getStackEvents.cfnModel.describeStackEvents([{"StackName":"[***]ify-[***]auth-[***]ev-[***]800"}])
2021-01-07T23:33:55.112Z|info : amplify-provider-awscloudformation.aws-cfn.getStackEvents.cfnModel.describeStackEvents([{"StackName":"[***]rmation:us-[***]st-[***]42:stack/[***]ify-[***]auth-[***]ev-[***]800/[***]e650-[***]98-[***]eb-[***]ff-[***]c2cc1"}])
2021-01-07T23:33:56.159Z|info : amplify-provider-awscloudformation.aws-cfn.getStackEvents.cfnModel.describeStackEvents([{"StackName":"[***]rmation:us-[***]st-[***]42:stack/[***]ify-[***]auth-[***]ev-[***]800-[***]wtauth-[***]LYD25O/[***]b660-[***]aa-[***]eb-[***]4b-[***]e29b3"}])
2021-01-07T23:33:58.725Z|info : amplify-provider-awscloudformation.aws-cfn.getStackEvents.cfnModel.describeStackEvents([{"StackName":"[***]ify-[***]auth-[***]ev-[***]800"}])
2021-01-07T23:34:00.613Z|info : amplify-provider-awscloudformation.aws-cfn.getStackEvents.cfnModel.describeStackEvents([{"StackName":"[***]rmation:us-[***]st-[***]42:stack/[***]ify-[***]auth-[***]ev-[***]800-[***]wtauth-[***]LYD25O/[***]b660-[***]aa-[***]eb-[***]4b-[***]e29b3"}])
2021-01-07T23:34:00.715Z|info : amplify-provider-awscloudformation.aws-cfn.getStackEvents.cfnModel.describeStackEvents([{"StackName":"[***]rmation:us-[***]st-[***]42:stack/[***]ify-[***]auth-[***]ev-[***]800/[***]e650-[***]98-[***]eb-[***]ff-[***]c2cc1"}])
2021-01-07T23:34:02.646Z|info : amplify-provider-awscloudformation.aws-cfn.getStackEvents.cfnModel.describeStackEvents([{"StackName":"[***]rmation:us-[***]st-[***]42:stack/[***]ify-[***]auth-[***]ev-[***]800-[***]wtauth-[***]LYD25O/[***]b660-[***]aa-[***]eb-[***]4b-[***]e29b3"}])
2021-01-07T23:34:03.722Z|info : amplify-provider-awscloudformation.aws-cfn.getStackEvents.cfnModel.describeStackEvents([{"StackName":"[***]ify-[***]auth-[***]ev-[***]800"}])
2021-01-07T23:34:05.626Z|info : amplify-provider-awscloudformation.aws-cfn.getStackEvents.cfnModel.describeStackEvents([{"StackName":"[***]rmation:us-[***]st-[***]42:stack/[***]ify-[***]auth-[***]ev-[***]800-[***]wtauth-[***]LYD25O/[***]b660-[***]aa-[***]eb-[***]4b-[***]e29b3"}])
2021-01-07T23:34:05.728Z|info : amplify-provider-awscloudformation.aws-cfn.getStackEvents.cfnModel.describeStackEvents([{"StackName":"[***]rmation:us-[***]st-[***]42:stack/[***]ify-[***]auth-[***]ev-[***]800/[***]e650-[***]98-[***]eb-[***]ff-[***]c2cc1"}])
2021-01-07T23:34:08.726Z|info : amplify-provider-awscloudformation.aws-cfn.getStackEvents.cfnModel.describeStackEvents([{"StackName":"[***]ify-[***]auth-[***]ev-[***]800"}])
2021-01-07T23:34:09.727Z|info : amplify-provider-awscloudformation.aws-cfn.getStackEvents.cfnModel.describeStackEvents([{"StackName":"[***]rmation:us-[***]st-[***]42:stack/[***]ify-[***]auth-[***]ev-[***]800/[***]e650-[***]98-[***]eb-[***]ff-[***]c2cc1"}])
2021-01-07T23:34:13.730Z|info : amplify-provider-awscloudformation.aws-cfn.getStackEvents.cfnModel.describeStackEvents([{"StackName":"[***]ify-[***]auth-[***]ev-[***]800"}])
2021-01-07T23:34:14.928Z|info : amplify-provider-awscloudformation.aws-cfn.getStackEvents.cfnModel.describeStackEvents([{"StackName":"[***]rmation:us-[***]st-[***]42:stack/[***]ify-[***]auth-[***]ev-[***]800/[***]e650-[***]98-[***]eb-[***]ff-[***]c2cc1"}])
2021-01-07T23:34:18.731Z|info : amplify-provider-awscloudformation.aws-cfn.getStackEvents.cfnModel.describeStackEvents([{"StackName":"[***]ify-[***]auth-[***]ev-[***]800"}])
2021-01-07T23:34:19.848Z|info : amplify-provider-awscloudformation.aws-cfn.getStackEvents.cfnModel.describeStackEvents([{"StackName":"[***]rmation:us-[***]st-[***]42:stack/[***]ify-[***]auth-[***]ev-[***]800/[***]e650-[***]98-[***]eb-[***]ff-[***]c2cc1"}])
2021-01-07T23:34:23.734Z|info : amplify-provider-awscloudformation.aws-cfn.getStackEvents.cfnModel.describeStackEvents([{"StackName":"[***]ify-[***]auth-[***]ev-[***]800"}])
2021-01-07T23:34:28.739Z|info : amplify-provider-awscloudformation.aws-cfn.getStackEvents.cfnModel.describeStackEvents([{"StackName":"[***]ify-[***]auth-[***]ev-[***]800"}])
2021-01-07T23:34:33.740Z|info : amplify-provider-awscloudformation.aws-cfn.getStackEvents.cfnModel.describeStackEvents([{"StackName":"[***]ify-[***]auth-[***]ev-[***]800"}])
2021-01-07T23:34:38.756Z|info : amplify-provider-awscloudformation.aws-cfn.getStackEvents.cfnModel.describeStackEvents([{"StackName":"[***]ify-[***]auth-[***]ev-[***]800"}])
2021-01-07T23:34:43.753Z|info : amplify-provider-awscloudformation.aws-cfn.getStackEvents.cfnModel.describeStackEvents([{"StackName":"[***]ify-[***]auth-[***]ev-[***]800"}])
2021-01-07T23:34:48.756Z|info : amplify-provider-awscloudformation.aws-cfn.getStackEvents.cfnModel.describeStackEvents([{"StackName":"[***]ify-[***]auth-[***]ev-[***]800"}])
2021-01-07T23:34:50.660Z|info : amplify-provider-awscloudformation.aws-cfn.updateamplifyMetaFileWithStackOutputs.cfn.describeStackResources([{"StackName":"[***]ify-[***]auth-[***]ev-[***]800"}])
2021-01-07T23:34:51.327Z|info : amplify-provider-awscloudformation.aws-cfn.describeStack.cfn.describeStacks([{"StackName":"[***]rmation:us-[***]st-[***]42:stack/[***]ify-[***]auth-[***]ev-[***]800-[***]966ac581-[***]N2WGD/[***]bab0-[***]9c-[***]eb-[***]26-[***]fb5e3"}])
2021-01-07T23:34:51.328Z|info : amplify-provider-awscloudformation.aws-cfn.describeStack.cfn.describeStacks([{"StackName":"[***]rmation:us-[***]st-[***]42:stack/[***]ify-[***]auth-[***]ev-[***]800-[***]wtauth-[***]LYD25O/[***]b660-[***]aa-[***]eb-[***]4b-[***]e29b3"}])
2021-01-07T23:34:52.668Z|info : amplify-provider-awscloudformation.push-resources.storeCurrentcoudBackend.s3.uploadFile([{"Key":"[***]rent-[***]ud-[***]d.zip"}])
2021-01-07T23:34:52.669Z|info : amplify-provider-awscloudformation.aws-s3.uploadFile.s3.putObject([{"Key":"[***]rent-[***]ud-[***]d.zip","Bucket":"[***]ify-[***]auth-[***]ev-[***]800-[***]ment"}])
2021-01-07T23:34:54.048Z|info : amplify-provider-awscloudformation.amplify-service-manager.s3.uploadFile([{"Key":"[***]ify-[***]json"}])
2021-01-07T23:34:54.048Z|info : amplify-provider-awscloudformation.aws-s3.uploadFile.s3.putObject([{"Key":"[***]ify-[***]json","Bucket":"[***]ify-[***]auth-[***]ev-[***]800-[***]ment"}])
2021-01-07T23:34:54.861Z|info : amplify-provider-awscloudformation.amplify-service-manager.s3.uploadFile([{"Key":"[***]end-[***].json"}])
2021-01-07T23:34:54.861Z|info : amplify-provider-awscloudformation.aws-s3.uploadFile.s3.putObject([{"Key":"[***]end-[***].json","Bucket":"[***]ify-[***]auth-[***]ev-[***]800-[***]ment"}])
2021-01-08T00:47:57.636Z|info : amplify push core  
2021-01-08T00:48:21.941Z|info : amplify-provider-awscloudformation.zip-util.downloadZip.s3.getFile([{"Key":"[***]rent-[***]ud-[***]d.zip"},null])
2021-01-08T00:48:21.946Z|info : amplify-provider-awscloudformation.aws-s3.s3.getFile([{"Key":"[***]rent-[***]ud-[***]d.zip","Bucket":"[***]ify-[***]auth-[***]ev-[***]800-[***]ment"}])
2021-01-08T00:48:23.119Z|info : amplify-provider-awscloudformation.initialize-env.run.cfn.updateamplifyMetaFileWithStackOutputs([{"StackName":"[***]ify-[***]auth-[***]ev-[***]800"}])
2021-01-08T00:48:23.123Z|info : amplify-provider-awscloudformation.aws-cfn.updateamplifyMetaFileWithStackOutputs.cfn.describeStackResources([{"StackName":"[***]ify-[***]auth-[***]ev-[***]800"}])
2021-01-08T00:48:23.862Z|info : amplify-provider-awscloudformation.aws-cfn.describeStack.cfn.describeStacks([{"StackName":"[***]rmation:us-[***]st-[***]42:stack/[***]ify-[***]auth-[***]ev-[***]800-[***]966ac581-[***]N2WGD/[***]bab0-[***]9c-[***]eb-[***]26-[***]fb5e3"}])
2021-01-08T00:48:23.864Z|info : amplify-provider-awscloudformation.aws-cfn.describeStack.cfn.describeStacks([{"StackName":"[***]rmation:us-[***]st-[***]42:stack/[***]ify-[***]auth-[***]ev-[***]800-[***]wtauth-[***]LYD25O/[***]b660-[***]aa-[***]eb-[***]4b-[***]e29b3"}])
2021-01-08T00:48:24.648Z|info : amplify-provider-awscloudformation.aws-s3.s3.getFile([{"Key":"[***]ify-[***]json","Bucket":"[***]ify-[***]auth-[***]ev-[***]800-[***]ment"}])
2021-01-08T00:49:47.414Z|info : amplify-provider-awscloudformation.push-resources.packageResources.s3.uploadFile([{"Key":"[***]ify-[***]lds/[***]uth-[***]6d783356-[***].zip"}])
2021-01-08T00:49:47.418Z|info : amplify-provider-awscloudformation.aws-s3.uploadFile.s3.putObject([{"Key":"[***]ify-[***]lds/[***]uth-[***]6d783356-[***].zip","Bucket":"[***]ify-[***]auth-[***]ev-[***]800-[***]ment"}])
2021-01-08T00:49:53.093Z|info : amplify-provider-awscloudformation.aws-s3.uploadFile.s3.putObject([{"Key":"[***]ify-[***]fn-[***]ates/[***]tion/[***]uth-[***]mation-[***]e.json","Bucket":"[***]ify-[***]auth-[***]ev-[***]800-[***]ment"}])
2021-01-08T00:49:54.514Z|info : amplify-provider-awscloudformation.push-resources.updateCloudFormationNestedStack(["/Users/osmarb/Desktop/cf-jw-auth/amplify/backend/awscloudformation","/Users/osmarb/Desktop/cf-jw-auth/amplify/backend/awscloudformation/nested-cloudformation-stack.yml"])
2021-01-08T00:49:54.520Z|info : amplify-provider-awscloudformation.aws-cfn.updateResourceStack.s3.uploadFile([{}])
2021-01-08T00:49:54.520Z|info : amplify-provider-awscloudformation.aws-s3.uploadFile.s3.putObject([{"Key":"[***]ted-[***]mation-[***].yml","Bucket":"[***]ify-[***]auth-[***]ev-[***]800-[***]ment"}])
2021-01-08T00:49:55.866Z|info : amplify-provider-awscloudformation.aws-cfn.updateResourceStack.describeStack([{"StackName":"[***]ify-[***]auth-[***]ev-[***]800"}])
2021-01-08T00:49:55.866Z|info : amplify-provider-awscloudformation.aws-cfn.describeStack.cfn.describeStacks([{"StackName":"[***]ify-[***]auth-[***]ev-[***]800"}])
2021-01-08T00:49:56.819Z|info : amplify-provider-awscloudformation.aws-cfn.updateResourceStack.updateStack([{"StackName":"[***]ify-[***]auth-[***]ev-[***]800"}])
2021-01-08T00:50:03.073Z|info : amplify-provider-awscloudformation.aws-cfn.getStackEvents.cfnModel.describeStackEvents([{"StackName":"[***]ify-[***]auth-[***]ev-[***]800"}])
2021-01-08T00:50:05.644Z|info : amplify-provider-awscloudformation.aws-cfn.getStackEvents.cfnModel.describeStackEvents([{"StackName":"[***]rmation:us-[***]st-[***]42:stack/[***]ify-[***]auth-[***]ev-[***]800/[***]e650-[***]98-[***]eb-[***]ff-[***]c2cc1"}])
2021-01-08T00:50:06.944Z|info : amplify-provider-awscloudformation.aws-cfn.getStackEvents.cfnModel.describeStackEvents([{"StackName":"[***]rmation:us-[***]st-[***]42:stack/[***]ify-[***]auth-[***]ev-[***]800-[***]966ac581-[***]N2WGD/[***]bab0-[***]9c-[***]eb-[***]26-[***]fb5e3"}])
2021-01-08T00:50:07.049Z|info : amplify-provider-awscloudformation.aws-cfn.getStackEvents.cfnModel.describeStackEvents([{"StackName":"[***]rmation:us-[***]st-[***]42:stack/[***]ify-[***]auth-[***]ev-[***]800-[***]wtauth-[***]LYD25O/[***]b660-[***]aa-[***]eb-[***]4b-[***]e29b3"}])
2021-01-08T00:50:08.109Z|info : amplify-provider-awscloudformation.aws-cfn.getStackEvents.cfnModel.describeStackEvents([{"StackName":"[***]ify-[***]auth-[***]ev-[***]800"}])
2021-01-08T00:50:09.626Z|info : amplify-provider-awscloudformation.aws-cfn.getStackEvents.cfnModel.describeStackEvents([{"StackName":"[***]rmation:us-[***]st-[***]42:stack/[***]ify-[***]auth-[***]ev-[***]800-[***]wtauth-[***]LYD25O/[***]b660-[***]aa-[***]eb-[***]4b-[***]e29b3"}])
2021-01-08T00:50:09.729Z|info : amplify-provider-awscloudformation.aws-cfn.getStackEvents.cfnModel.describeStackEvents([{"StackName":"[***]rmation:us-[***]st-[***]42:stack/[***]ify-[***]auth-[***]ev-[***]800/[***]e650-[***]98-[***]eb-[***]ff-[***]c2cc1"}])
2021-01-08T00:50:11.801Z|info : amplify-provider-awscloudformation.aws-cfn.getStackEvents.cfnModel.describeStackEvents([{"StackName":"[***]rmation:us-[***]st-[***]42:stack/[***]ify-[***]auth-[***]ev-[***]800-[***]wtauth-[***]LYD25O/[***]b660-[***]aa-[***]eb-[***]4b-[***]e29b3"}])
2021-01-08T00:50:13.109Z|info : amplify-provider-awscloudformation.aws-cfn.getStackEvents.cfnModel.describeStackEvents([{"StackName":"[***]ify-[***]auth-[***]ev-[***]800"}])
2021-01-08T00:50:14.332Z|info : amplify-provider-awscloudformation.aws-cfn.getStackEvents.cfnModel.describeStackEvents([{"StackName":"[***]rmation:us-[***]st-[***]42:stack/[***]ify-[***]auth-[***]ev-[***]800-[***]wtauth-[***]LYD25O/[***]b660-[***]aa-[***]eb-[***]4b-[***]e29b3"}])
2021-01-08T00:50:14.432Z|info : amplify-provider-awscloudformation.aws-cfn.getStackEvents.cfnModel.describeStackEvents([{"StackName":"[***]rmation:us-[***]st-[***]42:stack/[***]ify-[***]auth-[***]ev-[***]800/[***]e650-[***]98-[***]eb-[***]ff-[***]c2cc1"}])
2021-01-08T00:50:17.014Z|info : amplify-provider-awscloudformation.aws-cfn.getStackEvents.cfnModel.describeStackEvents([{"StackName":"[***]rmation:us-[***]st-[***]42:stack/[***]ify-[***]auth-[***]ev-[***]800-[***]wtauth-[***]LYD25O/[***]b660-[***]aa-[***]eb-[***]4b-[***]e29b3"}])
2021-01-08T00:50:18.112Z|info : amplify-provider-awscloudformation.aws-cfn.getStackEvents.cfnModel.describeStackEvents([{"StackName":"[***]ify-[***]auth-[***]ev-[***]800"}])
2021-01-08T00:50:19.999Z|info : amplify-provider-awscloudformation.aws-cfn.getStackEvents.cfnModel.describeStackEvents([{"StackName":"[***]rmation:us-[***]st-[***]42:stack/[***]ify-[***]auth-[***]ev-[***]800/[***]e650-[***]98-[***]eb-[***]ff-[***]c2cc1"}])
2021-01-08T00:50:23.117Z|info : amplify-provider-awscloudformation.aws-cfn.getStackEvents.cfnModel.describeStackEvents([{"StackName":"[***]ify-[***]auth-[***]ev-[***]800"}])
2021-01-08T00:50:24.681Z|info : amplify-provider-awscloudformation.aws-cfn.getStackEvents.cfnModel.describeStackEvents([{"StackName":"[***]rmation:us-[***]st-[***]42:stack/[***]ify-[***]auth-[***]ev-[***]800/[***]e650-[***]98-[***]eb-[***]ff-[***]c2cc1"}])
2021-01-08T00:50:28.120Z|info : amplify-provider-awscloudformation.aws-cfn.getStackEvents.cfnModel.describeStackEvents([{"StackName":"[***]ify-[***]auth-[***]ev-[***]800"}])
2021-01-08T00:50:29.090Z|info : amplify-provider-awscloudformation.aws-cfn.getStackEvents.cfnModel.describeStackEvents([{"StackName":"[***]rmation:us-[***]st-[***]42:stack/[***]ify-[***]auth-[***]ev-[***]800/[***]e650-[***]98-[***]eb-[***]ff-[***]c2cc1"}])
2021-01-08T00:50:33.122Z|info : amplify-provider-awscloudformation.aws-cfn.getStackEvents.cfnModel.describeStackEvents([{"StackName":"[***]ify-[***]auth-[***]ev-[***]800"}])
2021-01-08T00:50:38.125Z|info : amplify-provider-awscloudformation.aws-cfn.getStackEvents.cfnModel.describeStackEvents([{"StackName":"[***]ify-[***]auth-[***]ev-[***]800"}])
2021-01-08T00:50:43.129Z|info : amplify-provider-awscloudformation.aws-cfn.getStackEvents.cfnModel.describeStackEvents([{"StackName":"[***]ify-[***]auth-[***]ev-[***]800"}])
2021-01-08T00:50:48.129Z|info : amplify-provider-awscloudformation.aws-cfn.getStackEvents.cfnModel.describeStackEvents([{"StackName":"[***]ify-[***]auth-[***]ev-[***]800"}])
2021-01-08T00:50:53.133Z|info : amplify-provider-awscloudformation.aws-cfn.getStackEvents.cfnModel.describeStackEvents([{"StackName":"[***]ify-[***]auth-[***]ev-[***]800"}])
2021-01-08T00:50:58.137Z|info : amplify-provider-awscloudformation.aws-cfn.getStackEvents.cfnModel.describeStackEvents([{"StackName":"[***]ify-[***]auth-[***]ev-[***]800"}])
2021-01-08T00:51:00.276Z|info : amplify-provider-awscloudformation.aws-cfn.updateamplifyMetaFileWithStackOutputs.cfn.describeStackResources([{"StackName":"[***]ify-[***]auth-[***]ev-[***]800"}])
2021-01-08T00:51:01.135Z|info : amplify-provider-awscloudformation.aws-cfn.describeStack.cfn.describeStacks([{"StackName":"[***]rmation:us-[***]st-[***]42:stack/[***]ify-[***]auth-[***]ev-[***]800-[***]966ac581-[***]N2WGD/[***]bab0-[***]9c-[***]eb-[***]26-[***]fb5e3"}])
2021-01-08T00:51:01.137Z|info : amplify-provider-awscloudformation.aws-cfn.describeStack.cfn.describeStacks([{"StackName":"[***]rmation:us-[***]st-[***]42:stack/[***]ify-[***]auth-[***]ev-[***]800-[***]wtauth-[***]LYD25O/[***]b660-[***]aa-[***]eb-[***]4b-[***]e29b3"}])
2021-01-08T00:51:02.357Z|info : amplify-provider-awscloudformation.push-resources.storeCurrentcoudBackend.s3.uploadFile([{"Key":"[***]rent-[***]ud-[***]d.zip"}])
2021-01-08T00:51:02.358Z|info : amplify-provider-awscloudformation.aws-s3.uploadFile.s3.putObject([{"Key":"[***]rent-[***]ud-[***]d.zip","Bucket":"[***]ify-[***]auth-[***]ev-[***]800-[***]ment"}])
2021-01-08T00:51:04.002Z|info : amplify-provider-awscloudformation.amplify-service-manager.s3.uploadFile([{"Key":"[***]ify-[***]json"}])
2021-01-08T00:51:04.002Z|info : amplify-provider-awscloudformation.aws-s3.uploadFile.s3.putObject([{"Key":"[***]ify-[***]json","Bucket":"[***]ify-[***]auth-[***]ev-[***]800-[***]ment"}])
2021-01-08T00:51:05.024Z|info : amplify-provider-awscloudformation.amplify-service-manager.s3.uploadFile([{"Key":"[***]end-[***].json"}])
2021-01-08T00:51:05.024Z|info : amplify-provider-awscloudformation.aws-s3.uploadFile.s3.putObject([{"Key":"[***]end-[***].json","Bucket":"[***]ify-[***]auth-[***]ev-[***]800-[***]ment"}])
2021-01-08T01:01:26.280Z|info : amplify push core  
2021-01-08T01:01:38.443Z|info : amplify-provider-awscloudformation.zip-util.downloadZip.s3.getFile([{"Key":"[***]rent-[***]ud-[***]d.zip"},null])
2021-01-08T01:01:38.448Z|info : amplify-provider-awscloudformation.aws-s3.s3.getFile([{"Key":"[***]rent-[***]ud-[***]d.zip","Bucket":"[***]ify-[***]auth-[***]ev-[***]800-[***]ment"}])
2021-01-08T01:01:39.830Z|info : amplify-provider-awscloudformation.initialize-env.run.cfn.updateamplifyMetaFileWithStackOutputs([{"StackName":"[***]ify-[***]auth-[***]ev-[***]800"}])
2021-01-08T01:01:39.833Z|info : amplify-provider-awscloudformation.aws-cfn.updateamplifyMetaFileWithStackOutputs.cfn.describeStackResources([{"StackName":"[***]ify-[***]auth-[***]ev-[***]800"}])
2021-01-08T01:01:40.654Z|info : amplify-provider-awscloudformation.aws-cfn.describeStack.cfn.describeStacks([{"StackName":"[***]rmation:us-[***]st-[***]42:stack/[***]ify-[***]auth-[***]ev-[***]800-[***]966ac581-[***]N2WGD/[***]bab0-[***]9c-[***]eb-[***]26-[***]fb5e3"}])
2021-01-08T01:01:40.656Z|info : amplify-provider-awscloudformation.aws-cfn.describeStack.cfn.describeStacks([{"StackName":"[***]rmation:us-[***]st-[***]42:stack/[***]ify-[***]auth-[***]ev-[***]800-[***]wtauth-[***]LYD25O/[***]b660-[***]aa-[***]eb-[***]4b-[***]e29b3"}])
2021-01-08T01:01:42.448Z|info : amplify-provider-awscloudformation.aws-s3.s3.getFile([{"Key":"[***]ify-[***]json","Bucket":"[***]ify-[***]auth-[***]ev-[***]800-[***]ment"}])
2021-01-08T01:01:50.809Z|info : amplify-provider-awscloudformation.push-resources.packageResources.s3.uploadFile([{"Key":"[***]ify-[***]lds/[***]uth-[***]6f54386b-[***].zip"}])
2021-01-08T01:01:50.812Z|info : amplify-provider-awscloudformation.aws-s3.uploadFile.s3.putObject([{"Key":"[***]ify-[***]lds/[***]uth-[***]6f54386b-[***].zip","Bucket":"[***]ify-[***]auth-[***]ev-[***]800-[***]ment"}])
2021-01-08T01:01:56.841Z|info : amplify-provider-awscloudformation.aws-s3.uploadFile.s3.putObject([{"Key":"[***]ify-[***]fn-[***]ates/[***]tion/[***]uth-[***]mation-[***]e.json","Bucket":"[***]ify-[***]auth-[***]ev-[***]800-[***]ment"}])
2021-01-08T01:01:58.412Z|info : amplify-provider-awscloudformation.push-resources.updateCloudFormationNestedStack(["/Users/osmarb/Desktop/cf-jw-auth/amplify/backend/awscloudformation","/Users/osmarb/Desktop/cf-jw-auth/amplify/backend/awscloudformation/nested-cloudformation-stack.yml"])
2021-01-08T01:01:58.419Z|info : amplify-provider-awscloudformation.aws-cfn.updateResourceStack.s3.uploadFile([{}])
2021-01-08T01:01:58.419Z|info : amplify-provider-awscloudformation.aws-s3.uploadFile.s3.putObject([{"Key":"[***]ted-[***]mation-[***].yml","Bucket":"[***]ify-[***]auth-[***]ev-[***]800-[***]ment"}])
2021-01-08T01:02:00.077Z|info : amplify-provider-awscloudformation.aws-cfn.updateResourceStack.describeStack([{"StackName":"[***]ify-[***]auth-[***]ev-[***]800"}])
2021-01-08T01:02:00.077Z|info : amplify-provider-awscloudformation.aws-cfn.describeStack.cfn.describeStacks([{"StackName":"[***]ify-[***]auth-[***]ev-[***]800"}])
2021-01-08T01:02:00.891Z|info : amplify-provider-awscloudformation.aws-cfn.updateResourceStack.updateStack([{"StackName":"[***]ify-[***]auth-[***]ev-[***]800"}])
2021-01-08T01:02:07.010Z|info : amplify-provider-awscloudformation.aws-cfn.getStackEvents.cfnModel.describeStackEvents([{"StackName":"[***]ify-[***]auth-[***]ev-[***]800"}])
2021-01-08T01:02:08.301Z|info : amplify-provider-awscloudformation.aws-cfn.getStackEvents.cfnModel.describeStackEvents([{"StackName":"[***]rmation:us-[***]st-[***]42:stack/[***]ify-[***]auth-[***]ev-[***]800/[***]e650-[***]98-[***]eb-[***]ff-[***]c2cc1"}])
2021-01-08T01:02:09.735Z|info : amplify-provider-awscloudformation.aws-cfn.getStackEvents.cfnModel.describeStackEvents([{"StackName":"[***]rmation:us-[***]st-[***]42:stack/[***]ify-[***]auth-[***]ev-[***]800-[***]wtauth-[***]LYD25O/[***]b660-[***]aa-[***]eb-[***]4b-[***]e29b3"}])
2021-01-08T01:02:12.009Z|info : amplify-provider-awscloudformation.aws-cfn.getStackEvents.cfnModel.describeStackEvents([{"StackName":"[***]ify-[***]auth-[***]ev-[***]800"}])
2021-01-08T01:02:13.687Z|info : amplify-provider-awscloudformation.aws-cfn.getStackEvents.cfnModel.describeStackEvents([{"StackName":"[***]rmation:us-[***]st-[***]42:stack/[***]ify-[***]auth-[***]ev-[***]800-[***]wtauth-[***]LYD25O/[***]b660-[***]aa-[***]eb-[***]4b-[***]e29b3"}])
2021-01-08T01:02:13.791Z|info : amplify-provider-awscloudformation.aws-cfn.getStackEvents.cfnModel.describeStackEvents([{"StackName":"[***]rmation:us-[***]st-[***]42:stack/[***]ify-[***]auth-[***]ev-[***]800/[***]e650-[***]98-[***]eb-[***]ff-[***]c2cc1"}])
2021-01-08T01:02:14.944Z|info : amplify-provider-awscloudformation.aws-cfn.getStackEvents.cfnModel.describeStackEvents([{"StackName":"[***]rmation:us-[***]st-[***]42:stack/[***]ify-[***]auth-[***]ev-[***]800-[***]wtauth-[***]LYD25O/[***]b660-[***]aa-[***]eb-[***]4b-[***]e29b3"}])
2021-01-08T01:02:17.007Z|info : amplify-provider-awscloudformation.aws-cfn.getStackEvents.cfnModel.describeStackEvents([{"StackName":"[***]ify-[***]auth-[***]ev-[***]800"}])
2021-01-08T01:02:19.653Z|info : amplify-provider-awscloudformation.aws-cfn.getStackEvents.cfnModel.describeStackEvents([{"StackName":"[***]rmation:us-[***]st-[***]42:stack/[***]ify-[***]auth-[***]ev-[***]800-[***]wtauth-[***]LYD25O/[***]b660-[***]aa-[***]eb-[***]4b-[***]e29b3"}])
2021-01-08T01:02:19.756Z|info : amplify-provider-awscloudformation.aws-cfn.getStackEvents.cfnModel.describeStackEvents([{"StackName":"[***]rmation:us-[***]st-[***]42:stack/[***]ify-[***]auth-[***]ev-[***]800/[***]e650-[***]98-[***]eb-[***]ff-[***]c2cc1"}])
2021-01-08T01:02:22.012Z|info : amplify-provider-awscloudformation.aws-cfn.getStackEvents.cfnModel.describeStackEvents([{"StackName":"[***]ify-[***]auth-[***]ev-[***]800"}])
2021-01-08T01:02:24.064Z|info : amplify-provider-awscloudformation.aws-cfn.getStackEvents.cfnModel.describeStackEvents([{"StackName":"[***]rmation:us-[***]st-[***]42:stack/[***]ify-[***]auth-[***]ev-[***]800/[***]e650-[***]98-[***]eb-[***]ff-[***]c2cc1"}])
2021-01-08T01:02:27.018Z|info : amplify-provider-awscloudformation.aws-cfn.getStackEvents.cfnModel.describeStackEvents([{"StackName":"[***]ify-[***]auth-[***]ev-[***]800"}])
2021-01-08T01:02:28.266Z|info : amplify-provider-awscloudformation.aws-cfn.getStackEvents.cfnModel.describeStackEvents([{"StackName":"[***]rmation:us-[***]st-[***]42:stack/[***]ify-[***]auth-[***]ev-[***]800/[***]e650-[***]98-[***]eb-[***]ff-[***]c2cc1"}])
2021-01-08T01:02:32.022Z|info : amplify-provider-awscloudformation.aws-cfn.getStackEvents.cfnModel.describeStackEvents([{"StackName":"[***]ify-[***]auth-[***]ev-[***]800"}])
2021-01-08T01:02:33.345Z|info : amplify-provider-awscloudformation.aws-cfn.getStackEvents.cfnModel.describeStackEvents([{"StackName":"[***]rmation:us-[***]st-[***]42:stack/[***]ify-[***]auth-[***]ev-[***]800/[***]e650-[***]98-[***]eb-[***]ff-[***]c2cc1"}])
2021-01-08T01:02:37.024Z|info : amplify-provider-awscloudformation.aws-cfn.getStackEvents.cfnModel.describeStackEvents([{"StackName":"[***]ify-[***]auth-[***]ev-[***]800"}])
2021-01-08T01:02:42.023Z|info : amplify-provider-awscloudformation.aws-cfn.getStackEvents.cfnModel.describeStackEvents([{"StackName":"[***]ify-[***]auth-[***]ev-[***]800"}])
2021-01-08T01:02:47.025Z|info : amplify-provider-awscloudformation.aws-cfn.getStackEvents.cfnModel.describeStackEvents([{"StackName":"[***]ify-[***]auth-[***]ev-[***]800"}])
2021-01-08T01:02:52.027Z|info : amplify-provider-awscloudformation.aws-cfn.getStackEvents.cfnModel.describeStackEvents([{"StackName":"[***]ify-[***]auth-[***]ev-[***]800"}])
2021-01-08T01:02:57.028Z|info : amplify-provider-awscloudformation.aws-cfn.getStackEvents.cfnModel.describeStackEvents([{"StackName":"[***]ify-[***]auth-[***]ev-[***]800"}])
2021-01-08T01:03:02.029Z|info : amplify-provider-awscloudformation.aws-cfn.getStackEvents.cfnModel.describeStackEvents([{"StackName":"[***]ify-[***]auth-[***]ev-[***]800"}])
2021-01-08T01:03:04.369Z|info : amplify-provider-awscloudformation.aws-cfn.updateamplifyMetaFileWithStackOutputs.cfn.describeStackResources([{"StackName":"[***]ify-[***]auth-[***]ev-[***]800"}])
2021-01-08T01:03:05.182Z|info : amplify-provider-awscloudformation.aws-cfn.describeStack.cfn.describeStacks([{"StackName":"[***]rmation:us-[***]st-[***]42:stack/[***]ify-[***]auth-[***]ev-[***]800-[***]966ac581-[***]N2WGD/[***]bab0-[***]9c-[***]eb-[***]26-[***]fb5e3"}])
2021-01-08T01:03:05.183Z|info : amplify-provider-awscloudformation.aws-cfn.describeStack.cfn.describeStacks([{"StackName":"[***]rmation:us-[***]st-[***]42:stack/[***]ify-[***]auth-[***]ev-[***]800-[***]wtauth-[***]LYD25O/[***]b660-[***]aa-[***]eb-[***]4b-[***]e29b3"}])
2021-01-08T01:03:06.471Z|info : amplify-provider-awscloudformation.push-resources.storeCurrentcoudBackend.s3.uploadFile([{"Key":"[***]rent-[***]ud-[***]d.zip"}])
2021-01-08T01:03:06.471Z|info : amplify-provider-awscloudformation.aws-s3.uploadFile.s3.putObject([{"Key":"[***]rent-[***]ud-[***]d.zip","Bucket":"[***]ify-[***]auth-[***]ev-[***]800-[***]ment"}])
2021-01-08T01:03:08.060Z|info : amplify-provider-awscloudformation.amplify-service-manager.s3.uploadFile([{"Key":"[***]ify-[***]json"}])
2021-01-08T01:03:08.061Z|info : amplify-provider-awscloudformation.aws-s3.uploadFile.s3.putObject([{"Key":"[***]ify-[***]json","Bucket":"[***]ify-[***]auth-[***]ev-[***]800-[***]ment"}])
2021-01-08T01:03:09.883Z|info : amplify-provider-awscloudformation.amplify-service-manager.s3.uploadFile([{"Key":"[***]end-[***].json"}])
2021-01-08T01:03:09.883Z|info : amplify-provider-awscloudformation.aws-s3.uploadFile.s3.putObject([{"Key":"[***]end-[***].json","Bucket":"[***]ify-[***]auth-[***]ev-[***]800-[***]ment"}])
2021-01-08T01:08:06.391Z|info : amplify console auth  
2021-01-08T01:13:40.252Z|info : amplify status core  
